warning: ignoring unsupported tag 'HTML_COLORSTYLE' at line 277, file Doxyfile
warning: ignoring unsupported tag 'HTML_COLORSTYLE' at line 307, file Doxyfile
warning: ignoring unsupported tag 'PROJECT_ICON' at line 312, file Doxyfile
Doxygen version used: 1.9.4
Searching for include files...
Searching for files in directory /__w/ikarus/ikarus/repo/
Searching for files in directory /__w/ikarus/ikarus/repo/ikarus/utils/
Searching for example files...
Searching for images...
Searching for files in directory /__w/ikarus/ikarus/repo/docs/website/auxiliaryImages
Searching for files in directory /__w/ikarus/ikarus/repo/docs/website/auxiliaryImages/Installation
Searching for files in directory /__w/ikarus/ikarus/repo/docs/website/auxiliaryImages/blogs
Searching for files in directory /__w/ikarus/ikarus/repo/docs/website/auxiliaryImages/builddocumentationlocally
Searching for dot files...
Searching for msc files...
Searching for dia files...
Searching for files to exclude
Searching for files in directory /__w/ikarus/ikarus/repo/tests
Searching for files in directory /__w/ikarus/ikarus/repo/tests/src
Searching for files in directory /__w/ikarus/ikarus/repo/tests/src/testfiles
Searching for files in directory /__w/ikarus/ikarus/repo/ikarus/python/test
Searching INPUT for files to process...
Searching for files in directory /__w/ikarus/ikarus/repo/ikarus
Searching for files in directory /__w/ikarus/ikarus/repo/ikarus/linearalgebra
Searching for files in directory /__w/ikarus/ikarus/repo/ikarus/io
Searching for files in directory /__w/ikarus/ikarus/repo/ikarus/controlroutines
Searching for files in directory /__w/ikarus/ikarus/repo/ikarus/solver
Searching for files in directory /__w/ikarus/ikarus/repo/ikarus/solver/nonlinearsolver
Searching for files in directory /__w/ikarus/ikarus/repo/ikarus/solver/linearsolver
Searching for files in directory /__w/ikarus/ikarus/repo/ikarus/utils
Searching for files in directory /__w/ikarus/ikarus/repo/ikarus/utils/drawing
Searching for files in directory /__w/ikarus/ikarus/repo/ikarus/utils/observer
Searching for files in directory /__w/ikarus/ikarus/repo/ikarus/python
Searching for files in directory /__w/ikarus/ikarus/repo/ikarus/python/basis
Searching for files in directory /__w/ikarus/ikarus/repo/ikarus/python/test
Searching for files in directory /__w/ikarus/ikarus/repo/ikarus/python/dirichletvalues
Searching for files in directory /__w/ikarus/ikarus/repo/ikarus/python/utils
Searching for files in directory /__w/ikarus/ikarus/repo/ikarus/python/assembler
Searching for files in directory /__w/ikarus/ikarus/repo/ikarus/python/finiteelements
Searching for files in directory /__w/ikarus/ikarus/repo/ikarus/assembler
Searching for files in directory /__w/ikarus/ikarus/repo/ikarus/finiteelements
Searching for files in directory /__w/ikarus/ikarus/repo/ikarus/finiteelements/mechanics
Searching for files in directory /__w/ikarus/ikarus/repo/ikarus/finiteelements/mechanics/eas
Searching for files in directory /__w/ikarus/ikarus/repo/ikarus/finiteelements/mechanics/materials
Searching for files in directory /__w/ikarus/ikarus/repo/ikarus/finiteelements/mechanics/loads
Searching for files in directory /__w/ikarus/ikarus/repo/python
Searching for files in directory /__w/ikarus/ikarus/repo/python/ikarus
Searching for files in directory /__w/ikarus/ikarus/repo/python/ikarus/utils
Searching for files in directory /__w/ikarus/ikarus/repo/python/ikarus/finite_elements
Searching for files in directory /__w/ikarus/ikarus/repo/python/ikarus/assembler
Reading and parsing tag files
Parsing files
Preprocessing /__w/ikarus/ikarus/repo/ikarus/assembler/dirichletbcenforcement.hh...
Parsing file /__w/ikarus/ikarus/repo/ikarus/assembler/dirichletbcenforcement.hh...
Preprocessing /__w/ikarus/ikarus/repo/ikarus/assembler/simpleassemblers.hh...
Parsing file /__w/ikarus/ikarus/repo/ikarus/assembler/simpleassemblers.hh...
Preprocessing /__w/ikarus/ikarus/repo/ikarus/assembler/simpleassemblers.inl...
Parsing file /__w/ikarus/ikarus/repo/ikarus/assembler/simpleassemblers.inl...
Preprocessing /__w/ikarus/ikarus/repo/ikarus/controlroutines/adaptivestepsizing.hh...
Parsing file /__w/ikarus/ikarus/repo/ikarus/controlroutines/adaptivestepsizing.hh...
Preprocessing /__w/ikarus/ikarus/repo/ikarus/controlroutines/controlinfos.hh...
Parsing file /__w/ikarus/ikarus/repo/ikarus/controlroutines/controlinfos.hh...
Preprocessing /__w/ikarus/ikarus/repo/ikarus/controlroutines/loadcontrol.hh...
Parsing file /__w/ikarus/ikarus/repo/ikarus/controlroutines/loadcontrol.hh...
Preprocessing /__w/ikarus/ikarus/repo/ikarus/controlroutines/loadcontrol.inl...
Parsing file /__w/ikarus/ikarus/repo/ikarus/controlroutines/loadcontrol.inl...
Preprocessing /__w/ikarus/ikarus/repo/ikarus/controlroutines/pathfollowing.hh...
Parsing file /__w/ikarus/ikarus/repo/ikarus/controlroutines/pathfollowing.hh...
Preprocessing /__w/ikarus/ikarus/repo/ikarus/controlroutines/pathfollowing.inl...
Parsing file /__w/ikarus/ikarus/repo/ikarus/controlroutines/pathfollowing.inl...
Preprocessing /__w/ikarus/ikarus/repo/ikarus/controlroutines/pathfollowingfunctions.hh...
Parsing file /__w/ikarus/ikarus/repo/ikarus/controlroutines/pathfollowingfunctions.hh...
Preprocessing /__w/ikarus/ikarus/repo/ikarus/finiteelements/autodifffe.hh...
Parsing file /__w/ikarus/ikarus/repo/ikarus/finiteelements/autodifffe.hh...
Preprocessing /__w/ikarus/ikarus/repo/ikarus/finiteelements/febase.hh...
Parsing file /__w/ikarus/ikarus/repo/ikarus/finiteelements/febase.hh...
Preprocessing /__w/ikarus/ikarus/repo/ikarus/finiteelements/fefactory.hh...
Parsing file /__w/ikarus/ikarus/repo/ikarus/finiteelements/fefactory.hh...
Preprocessing /__w/ikarus/ikarus/repo/ikarus/finiteelements/fehelper.hh...
Parsing file /__w/ikarus/ikarus/repo/ikarus/finiteelements/fehelper.hh...
Preprocessing /__w/ikarus/ikarus/repo/ikarus/finiteelements/ferequirements.hh...
Parsing file /__w/ikarus/ikarus/repo/ikarus/finiteelements/ferequirements.hh...
Preprocessing /__w/ikarus/ikarus/repo/ikarus/finiteelements/feresulttypes.hh...
Parsing file /__w/ikarus/ikarus/repo/ikarus/finiteelements/feresulttypes.hh...
Preprocessing /__w/ikarus/ikarus/repo/ikarus/finiteelements/fetraits.hh...
Parsing file /__w/ikarus/ikarus/repo/ikarus/finiteelements/fetraits.hh...
Preprocessing /__w/ikarus/ikarus/repo/ikarus/finiteelements/mechanics/eas/eas2d.hh...
Parsing file /__w/ikarus/ikarus/repo/ikarus/finiteelements/mechanics/eas/eas2d.hh...
Preprocessing /__w/ikarus/ikarus/repo/ikarus/finiteelements/mechanics/eas/eas3d.hh...
Parsing file /__w/ikarus/ikarus/repo/ikarus/finiteelements/mechanics/eas/eas3d.hh...
Preprocessing /__w/ikarus/ikarus/repo/ikarus/finiteelements/mechanics/easvariants.hh...
Parsing file /__w/ikarus/ikarus/repo/ikarus/finiteelements/mechanics/easvariants.hh...
Preprocessing /__w/ikarus/ikarus/repo/ikarus/finiteelements/mechanics/enhancedassumedstrains.hh...
Parsing file /__w/ikarus/ikarus/repo/ikarus/finiteelements/mechanics/enhancedassumedstrains.hh...
Preprocessing /__w/ikarus/ikarus/repo/ikarus/finiteelements/mechanics/kirchhoffloveshell.hh...
Parsing file /__w/ikarus/ikarus/repo/ikarus/finiteelements/mechanics/kirchhoffloveshell.hh...
Preprocessing /__w/ikarus/ikarus/repo/ikarus/finiteelements/mechanics/linearelastic.hh...
Parsing file /__w/ikarus/ikarus/repo/ikarus/finiteelements/mechanics/linearelastic.hh...
Preprocessing /__w/ikarus/ikarus/repo/ikarus/finiteelements/mechanics/loads.hh...
Parsing file /__w/ikarus/ikarus/repo/ikarus/finiteelements/mechanics/loads.hh...
Preprocessing /__w/ikarus/ikarus/repo/ikarus/finiteelements/mechanics/loads/traction.hh...
Parsing file /__w/ikarus/ikarus/repo/ikarus/finiteelements/mechanics/loads/traction.hh...
Preprocessing /__w/ikarus/ikarus/repo/ikarus/finiteelements/mechanics/loads/volume.hh...
Parsing file /__w/ikarus/ikarus/repo/ikarus/finiteelements/mechanics/loads/volume.hh...
Preprocessing /__w/ikarus/ikarus/repo/ikarus/finiteelements/mechanics/materials.hh...
Parsing file /__w/ikarus/ikarus/repo/ikarus/finiteelements/mechanics/materials.hh...
Preprocessing /__w/ikarus/ikarus/repo/ikarus/finiteelements/mechanics/materials/interface.hh...
Parsing file /__w/ikarus/ikarus/repo/ikarus/finiteelements/mechanics/materials/interface.hh...
Preprocessing /__w/ikarus/ikarus/repo/ikarus/finiteelements/mechanics/materials/linearelasticity.hh...
Parsing file /__w/ikarus/ikarus/repo/ikarus/finiteelements/mechanics/materials/linearelasticity.hh...
Preprocessing /__w/ikarus/ikarus/repo/ikarus/finiteelements/mechanics/materials/neohooke.hh...
Parsing file /__w/ikarus/ikarus/repo/ikarus/finiteelements/mechanics/materials/neohooke.hh...
Preprocessing /__w/ikarus/ikarus/repo/ikarus/finiteelements/mechanics/materials/strainconversions.hh...
Parsing file /__w/ikarus/ikarus/repo/ikarus/finiteelements/mechanics/materials/strainconversions.hh...
Preprocessing /__w/ikarus/ikarus/repo/ikarus/finiteelements/mechanics/materials/svk.hh...
Parsing file /__w/ikarus/ikarus/repo/ikarus/finiteelements/mechanics/materials/svk.hh...
Preprocessing /__w/ikarus/ikarus/repo/ikarus/finiteelements/mechanics/materials/tags.hh...
Parsing file /__w/ikarus/ikarus/repo/ikarus/finiteelements/mechanics/materials/tags.hh...
Preprocessing /__w/ikarus/ikarus/repo/ikarus/finiteelements/mechanics/materials/vanishingstress.hh...
Parsing file /__w/ikarus/ikarus/repo/ikarus/finiteelements/mechanics/materials/vanishingstress.hh...
Preprocessing /__w/ikarus/ikarus/repo/ikarus/finiteelements/mechanics/membranestrains.hh...
Parsing file /__w/ikarus/ikarus/repo/ikarus/finiteelements/mechanics/membranestrains.hh...
Preprocessing /__w/ikarus/ikarus/repo/ikarus/finiteelements/mechanics/nonlinearelastic.hh...
Parsing file /__w/ikarus/ikarus/repo/ikarus/finiteelements/mechanics/nonlinearelastic.hh...
Preprocessing /__w/ikarus/ikarus/repo/ikarus/finiteelements/mixin.hh...
Parsing file /__w/ikarus/ikarus/repo/ikarus/finiteelements/mixin.hh...
Preprocessing /__w/ikarus/ikarus/repo/ikarus/finiteelements/physicshelper.hh...
Parsing file /__w/ikarus/ikarus/repo/ikarus/finiteelements/physicshelper.hh...
Preprocessing /__w/ikarus/ikarus/repo/ikarus/io/resultevaluators.hh...
Parsing file /__w/ikarus/ikarus/repo/ikarus/io/resultevaluators.hh...
Preprocessing /__w/ikarus/ikarus/repo/ikarus/io/resultfunction.hh...
Parsing file /__w/ikarus/ikarus/repo/ikarus/io/resultfunction.hh...
Preprocessing /__w/ikarus/ikarus/repo/ikarus/linearalgebra/truncatedconjugategradient.hh...
Parsing file /__w/ikarus/ikarus/repo/ikarus/linearalgebra/truncatedconjugategradient.hh...
Preprocessing /__w/ikarus/ikarus/repo/ikarus/python/assembler/flatassembler.hh...
Parsing file /__w/ikarus/ikarus/repo/ikarus/python/assembler/flatassembler.hh...
Preprocessing /__w/ikarus/ikarus/repo/ikarus/python/basis/basis.hh...
Parsing file /__w/ikarus/ikarus/repo/ikarus/python/basis/basis.hh...
Preprocessing /__w/ikarus/ikarus/repo/ikarus/python/dirichletvalues/dirichletvalues.hh...
Parsing file /__w/ikarus/ikarus/repo/ikarus/python/dirichletvalues/dirichletvalues.hh...
Preprocessing /__w/ikarus/ikarus/repo/ikarus/python/finiteelements/fe.hh...
Parsing file /__w/ikarus/ikarus/repo/ikarus/python/finiteelements/fe.hh...
Preprocessing /__w/ikarus/ikarus/repo/ikarus/python/finiteelements/material.hh...
Parsing file /__w/ikarus/ikarus/repo/ikarus/python/finiteelements/material.hh...
Preprocessing /__w/ikarus/ikarus/repo/ikarus/python/finiteelements/registerferequirements.hh...
Parsing file /__w/ikarus/ikarus/repo/ikarus/python/finiteelements/registerferequirements.hh...
Preprocessing /__w/ikarus/ikarus/repo/ikarus/python/finiteelements/registerpreelement.hh...
Parsing file /__w/ikarus/ikarus/repo/ikarus/python/finiteelements/registerpreelement.hh...
Preprocessing /__w/ikarus/ikarus/repo/ikarus/python/finiteelements/valuewrapper.hh...
Parsing file /__w/ikarus/ikarus/repo/ikarus/python/finiteelements/valuewrapper.hh...
Preprocessing /__w/ikarus/ikarus/repo/ikarus/python/utils/boundarypatch.hh...
Parsing file /__w/ikarus/ikarus/repo/ikarus/python/utils/boundarypatch.hh...
Preprocessing /__w/ikarus/ikarus/repo/ikarus/solver/linearsolver/linearsolver.hh...
Parsing file /__w/ikarus/ikarus/repo/ikarus/solver/linearsolver/linearsolver.hh...
Preprocessing /__w/ikarus/ikarus/repo/ikarus/solver/nonlinearsolver/newtonraphson.hh...
Parsing file /__w/ikarus/ikarus/repo/ikarus/solver/nonlinearsolver/newtonraphson.hh...
Preprocessing /__w/ikarus/ikarus/repo/ikarus/solver/nonlinearsolver/newtonraphsonwithscalarsubsidiaryfunction.hh...
Parsing file /__w/ikarus/ikarus/repo/ikarus/solver/nonlinearsolver/newtonraphsonwithscalarsubsidiaryfunction.hh...
Preprocessing /__w/ikarus/ikarus/repo/ikarus/solver/nonlinearsolver/nonlinearsolverfactory.hh...
Parsing file /__w/ikarus/ikarus/repo/ikarus/solver/nonlinearsolver/nonlinearsolverfactory.hh...
Preprocessing /__w/ikarus/ikarus/repo/ikarus/solver/nonlinearsolver/solverinfos.hh...
Parsing file /__w/ikarus/ikarus/repo/ikarus/solver/nonlinearsolver/solverinfos.hh...
Preprocessing /__w/ikarus/ikarus/repo/ikarus/solver/nonlinearsolver/trustregion.hh...
Parsing file /__w/ikarus/ikarus/repo/ikarus/solver/nonlinearsolver/trustregion.hh...
Preprocessing /__w/ikarus/ikarus/repo/ikarus/utils/algorithms.hh...
Parsing file /__w/ikarus/ikarus/repo/ikarus/utils/algorithms.hh...
Preprocessing /__w/ikarus/ikarus/repo/ikarus/utils/autodiffhelper.hh...
Parsing file /__w/ikarus/ikarus/repo/ikarus/utils/autodiffhelper.hh...
Preprocessing /__w/ikarus/ikarus/repo/ikarus/utils/basis.hh...
Parsing file /__w/ikarus/ikarus/repo/ikarus/utils/basis.hh...
Preprocessing /__w/ikarus/ikarus/repo/ikarus/utils/concepts.hh...
Parsing file /__w/ikarus/ikarus/repo/ikarus/utils/concepts.hh...
Preprocessing /__w/ikarus/ikarus/repo/ikarus/utils/defaultfunctions.hh...
Parsing file /__w/ikarus/ikarus/repo/ikarus/utils/defaultfunctions.hh...
Preprocessing /__w/ikarus/ikarus/repo/ikarus/utils/dirichletvalues.hh...
Parsing file /__w/ikarus/ikarus/repo/ikarus/utils/dirichletvalues.hh...
Preprocessing /__w/ikarus/ikarus/repo/ikarus/utils/drawing/griddrawer.hh...
Parsing file /__w/ikarus/ikarus/repo/ikarus/utils/drawing/griddrawer.hh...
Preprocessing /__w/ikarus/ikarus/repo/ikarus/utils/drawing/matplothelper.hh...
Parsing file /__w/ikarus/ikarus/repo/ikarus/utils/drawing/matplothelper.hh...
Preprocessing /__w/ikarus/ikarus/repo/ikarus/utils/eigendunetransformations.hh...
Parsing file /__w/ikarus/ikarus/repo/ikarus/utils/eigendunetransformations.hh...
Preprocessing /__w/ikarus/ikarus/repo/ikarus/utils/eigensparseaddon.hh...
Parsing file /__w/ikarus/ikarus/repo/ikarus/utils/eigensparseaddon.hh...
Preprocessing /__w/ikarus/ikarus/repo/ikarus/utils/findlinesegment.hh...
Parsing file /__w/ikarus/ikarus/repo/ikarus/utils/findlinesegment.hh...
Preprocessing /__w/ikarus/ikarus/repo/ikarus/utils/flatprebasis.hh...
Parsing file /__w/ikarus/ikarus/repo/ikarus/utils/flatprebasis.hh...
Preprocessing /__w/ikarus/ikarus/repo/ikarus/utils/functionhelper.hh...
Parsing file /__w/ikarus/ikarus/repo/ikarus/utils/functionhelper.hh...
Preprocessing /__w/ikarus/ikarus/repo/ikarus/utils/functionsanitychecks.hh...
Parsing file /__w/ikarus/ikarus/repo/ikarus/utils/functionsanitychecks.hh...
Preprocessing /__w/ikarus/ikarus/repo/ikarus/utils/init.hh...
Parsing file /__w/ikarus/ikarus/repo/ikarus/utils/init.hh...
Preprocessing /__w/ikarus/ikarus/repo/ikarus/utils/linearalgebrahelper.hh...
Parsing file /__w/ikarus/ikarus/repo/ikarus/utils/linearalgebrahelper.hh...
Preprocessing /__w/ikarus/ikarus/repo/ikarus/utils/makeenum.hh...
Parsing file /__w/ikarus/ikarus/repo/ikarus/utils/makeenum.hh...
Preprocessing /__w/ikarus/ikarus/repo/ikarus/utils/math.hh...
Parsing file /__w/ikarus/ikarus/repo/ikarus/utils/math.hh...
Preprocessing /__w/ikarus/ikarus/repo/ikarus/utils/nonlinearoperator.hh...
Parsing file /__w/ikarus/ikarus/repo/ikarus/utils/nonlinearoperator.hh...
Preprocessing /__w/ikarus/ikarus/repo/ikarus/utils/nonlinopfactory.hh...
Parsing file /__w/ikarus/ikarus/repo/ikarus/utils/nonlinopfactory.hh...
Preprocessing /__w/ikarus/ikarus/repo/ikarus/utils/observer/controllogger.hh...
Parsing file /__w/ikarus/ikarus/repo/ikarus/utils/observer/controllogger.hh...
Preprocessing /__w/ikarus/ikarus/repo/ikarus/utils/observer/controlvtkwriter.hh...
Parsing file /__w/ikarus/ikarus/repo/ikarus/utils/observer/controlvtkwriter.hh...
Preprocessing /__w/ikarus/ikarus/repo/ikarus/utils/observer/genericobserver.hh...
Parsing file /__w/ikarus/ikarus/repo/ikarus/utils/observer/genericobserver.hh...
Preprocessing /__w/ikarus/ikarus/repo/ikarus/utils/observer/nonlinearsolverlogger.hh...
Parsing file /__w/ikarus/ikarus/repo/ikarus/utils/observer/nonlinearsolverlogger.hh...
Preprocessing /__w/ikarus/ikarus/repo/ikarus/utils/observer/observer.hh...
Parsing file /__w/ikarus/ikarus/repo/ikarus/utils/observer/observer.hh...
Preprocessing /__w/ikarus/ikarus/repo/ikarus/utils/observer/observermessages.hh...
Parsing file /__w/ikarus/ikarus/repo/ikarus/utils/observer/observermessages.hh...
Preprocessing /__w/ikarus/ikarus/repo/ikarus/utils/polyfit.hh...
Parsing file /__w/ikarus/ikarus/repo/ikarus/utils/polyfit.hh...
Preprocessing /__w/ikarus/ikarus/repo/ikarus/utils/pythonautodiffdefinitions.hh...
Parsing file /__w/ikarus/ikarus/repo/ikarus/utils/pythonautodiffdefinitions.hh...
Preprocessing /__w/ikarus/ikarus/repo/ikarus/utils/tensorproductquadrule.hh...
Parsing file /__w/ikarus/ikarus/repo/ikarus/utils/tensorproductquadrule.hh...
Preprocessing /__w/ikarus/ikarus/repo/ikarus/utils/tensorutils.hh...
Parsing file /__w/ikarus/ikarus/repo/ikarus/utils/tensorutils.hh...
Preprocessing /__w/ikarus/ikarus/repo/ikarus/utils/traits.hh...
Parsing file /__w/ikarus/ikarus/repo/ikarus/utils/traits.hh...
Preprocessing /__w/ikarus/ikarus/repo/ikarus/utils/traversal.hh...
Parsing file /__w/ikarus/ikarus/repo/ikarus/utils/traversal.hh...
Reading /__w/ikarus/ikarus/repo/python/ikarus/__init__.py...
Parsing file /__w/ikarus/ikarus/repo/python/ikarus/__init__.py...
Preprocessing /__w/ikarus/ikarus/repo/python/ikarus/_ikarus.cc...
Parsing file /__w/ikarus/ikarus/repo/python/ikarus/_ikarus.cc...
Reading /__w/ikarus/ikarus/repo/python/ikarus/assembler/__init__.py...
Parsing file /__w/ikarus/ikarus/repo/python/ikarus/assembler/__init__.py...
Reading /__w/ikarus/ikarus/repo/python/ikarus/basis.py...
Parsing file /__w/ikarus/ikarus/repo/python/ikarus/basis.py...
Reading /__w/ikarus/ikarus/repo/python/ikarus/dirichlet_values.py...
Parsing file /__w/ikarus/ikarus/repo/python/ikarus/dirichlet_values.py...
Reading /__w/ikarus/ikarus/repo/python/ikarus/finite_elements/__init__.py...
Parsing file /__w/ikarus/ikarus/repo/python/ikarus/finite_elements/__init__.py...
Reading /__w/ikarus/ikarus/repo/python/ikarus/generator.py...
Parsing file /__w/ikarus/ikarus/repo/python/ikarus/generator.py...
Reading /__w/ikarus/ikarus/repo/python/ikarus/utils/__init__.py...
Parsing file /__w/ikarus/ikarus/repo/python/ikarus/utils/__init__.py...
Reading /__w/ikarus/ikarus/repo/LICENSE.md...
Reading /__w/ikarus/ikarus/repo/docs/website/doxygen/mainpage.md...
Preprocessing /__w/ikarus/ikarus/repo/docs/website/doxygen/modules.hh...
Parsing file /__w/ikarus/ikarus/repo/docs/website/doxygen/modules.hh...
Building macro definition list...
Building group list...
Building directory list...
Building namespace list...
Building file list...
Building class list...
Building concept list...
Computing nesting relations for classes...
Associating documentation with classes...
Associating documentation with concepts...
Building example list...
Searching for enumerations...
Searching for documented typedefs...
Searching for members imported via using declarations...
Searching for included using directives...
Searching for documented variables...
Building interface member list...
Building member list...
Searching for friends...
Searching for documented defines...
Computing class inheritance relations...
Computing class usage relations...
Flushing cached template relations that have become invalid...
Computing class relations...
Add enum values to enums...
Searching for member function documentation...
Creating members for template instances...
Building page list...
Search for main page...
Computing page relations...
Determining the scope of groups...
Sorting lists...
Determining which enums are documented
Computing member relations...
Building full member lists recursively...
Adding members to member groups.
Computing member references...
Inheriting documentation...
Generating disk names...
Adding source references...
Adding xrefitems...
Sorting member lists...
Setting anonymous enum type...
Computing dependencies between directories...
Generating citations page...
Counting members...
Counting data structures...
Resolving user defined references...
Finding anchors and sections in the documentation...
Transferring function references...
Combining using relations...
Adding members to index pages...
Correcting members for VHDL...
Computing tooltip texts...
Generating style sheet...
Generating search indices...
Generating example documentation...
Generating file sources...
Parsing code for file mainpage.md...
Generating code for file modules.hh...
Generating code for file dirichletbcenforcement.hh...
Generating code for file simpleassemblers.hh...
Parsing code for file simpleassemblers.inl...
Generating code for file adaptivestepsizing.hh...
Generating code for file controlinfos.hh...
Generating code for file loadcontrol.hh...
Parsing code for file loadcontrol.inl...
Generating code for file pathfollowing.hh...
Parsing code for file pathfollowing.inl...
Generating code for file pathfollowingfunctions.hh...
Generating code for file autodifffe.hh...
Generating code for file febase.hh...
Generating code for file fefactory.hh...
Generating code for file fehelper.hh...
Generating code for file ferequirements.hh...
Generating code for file feresulttypes.hh...
Generating code for file fetraits.hh...
Generating code for file eas2d.hh...
Generating code for file eas3d.hh...
Generating code for file easvariants.hh...
Generating code for file enhancedassumedstrains.hh...
Generating code for file kirchhoffloveshell.hh...
Generating code for file linearelastic.hh...
Generating code for file loads.hh...
Generating code for file traction.hh...
Generating code for file volume.hh...
Generating code for file materials.hh...
Generating code for file interface.hh...
Generating code for file linearelasticity.hh...
Generating code for file neohooke.hh...
Generating code for file strainconversions.hh...
Generating code for file svk.hh...
Generating code for file tags.hh...
Generating code for file vanishingstress.hh...
Generating code for file membranestrains.hh...
Generating code for file nonlinearelastic.hh...
Generating code for file mixin.hh...
Generating code for file physicshelper.hh...
Generating code for file resultevaluators.hh...
Generating code for file resultfunction.hh...
Generating code for file truncatedconjugategradient.hh...
Generating code for file flatassembler.hh...
Generating code for file fe.hh...
Generating code for file material.hh...
Generating code for file registerferequirements.hh...
Generating code for file registerpreelement.hh...
Generating code for file valuewrapper.hh...
Generating code for file boundarypatch.hh...
Generating code for file linearsolver.hh...
Generating code for file newtonraphson.hh...
Generating code for file newtonraphsonwithscalarsubsidiaryfunction.hh...
Generating code for file nonlinearsolverfactory.hh...
Generating code for file solverinfos.hh...
Generating code for file trustregion.hh...
Generating code for file algorithms.hh...
Generating code for file autodiffhelper.hh...
Generating code for file basis.hh...
Generating code for file basis.hh...
Generating code for file concepts.hh...
Generating code for file defaultfunctions.hh...
Generating code for file dirichletvalues.hh...
Generating code for file dirichletvalues.hh...
Generating code for file griddrawer.hh...
Generating code for file matplothelper.hh...
Generating code for file eigendunetransformations.hh...
Generating code for file eigensparseaddon.hh...
Generating code for file findlinesegment.hh...
Generating code for file flatprebasis.hh...
Generating code for file functionhelper.hh...
Generating code for file functionsanitychecks.hh...
Generating code for file init.hh...
Generating code for file linearalgebrahelper.hh...
Generating code for file makeenum.hh...
Generating code for file math.hh...
Generating code for file nonlinearoperator.hh...
Generating code for file nonlinopfactory.hh...
Generating code for file controllogger.hh...
Generating code for file controlvtkwriter.hh...
Generating code for file genericobserver.hh...
Generating code for file nonlinearsolverlogger.hh...
Generating code for file observer.hh...
Generating code for file observermessages.hh...
Generating code for file polyfit.hh...
Generating code for file pythonautodiffdefinitions.hh...
Generating code for file tensorproductquadrule.hh...
Generating code for file tensorutils.hh...
Generating code for file traits.hh...
Generating code for file traversal.hh...
Parsing code for file LICENSE.md...
Parsing code for file _ikarus.cc...
Parsing code for file basis.py...
Parsing code for file dirichlet_values.py...
Parsing code for file generator.py...
Parsing code for file __init__.py...
Parsing code for file __init__.py...
Parsing code for file __init__.py...
Parsing code for file __init__.py...
Generating file documentation...
Generating docs for file mainpage.md...
Generating docs for file modules.hh...
Generating docs for file dirichletbcenforcement.hh...
Generating docs for file simpleassemblers.hh...
Generating docs for file simpleassemblers.inl...
Generating docs for file adaptivestepsizing.hh...
Generating docs for file controlinfos.hh...
Generating docs for file loadcontrol.hh...
Generating docs for file loadcontrol.inl...
Generating docs for file pathfollowing.hh...
Generating docs for file pathfollowing.inl...
Generating docs for file pathfollowingfunctions.hh...
Generating docs for file autodifffe.hh...
Generating docs for file febase.hh...
Generating docs for file fefactory.hh...
Generating docs for file fehelper.hh...
Generating docs for file ferequirements.hh...
Generating docs for file feresulttypes.hh...
Generating docs for file fetraits.hh...
Generating docs for file eas2d.hh...
Generating docs for file eas3d.hh...
Generating docs for file easvariants.hh...
Generating docs for file enhancedassumedstrains.hh...
Generating docs for file kirchhoffloveshell.hh...
Generating docs for file linearelastic.hh...
Generating docs for file loads.hh...
Generating docs for file traction.hh...
Generating docs for file volume.hh...
Generating docs for file materials.hh...
Generating docs for file interface.hh...
Generating docs for file linearelasticity.hh...
Generating docs for file neohooke.hh...
Generating docs for file strainconversions.hh...
Generating docs for file svk.hh...
Generating docs for file tags.hh...
Generating docs for file vanishingstress.hh...
Generating docs for file membranestrains.hh...
Generating docs for file nonlinearelastic.hh...
Generating docs for file mixin.hh...
Generating docs for file physicshelper.hh...
Generating docs for file resultevaluators.hh...
Generating docs for file resultfunction.hh...
Generating docs for file truncatedconjugategradient.hh...
Generating docs for file flatassembler.hh...
Generating docs for file fe.hh...
Generating docs for file material.hh...
Generating docs for file registerferequirements.hh...
Generating docs for file registerpreelement.hh...
Generating docs for file valuewrapper.hh...
Generating docs for file boundarypatch.hh...
Generating docs for file linearsolver.hh...
Generating docs for file newtonraphson.hh...
Generating docs for file newtonraphsonwithscalarsubsidiaryfunction.hh...
Generating docs for file nonlinearsolverfactory.hh...
Generating docs for file solverinfos.hh...
Generating docs for file trustregion.hh...
Generating docs for file algorithms.hh...
Generating docs for file autodiffhelper.hh...
Generating docs for file basis.hh...
Generating docs for file basis.hh...
Generating docs for file concepts.hh...
Generating docs for file defaultfunctions.hh...
Generating docs for file dirichletvalues.hh...
Generating docs for file dirichletvalues.hh...
Generating docs for file griddrawer.hh...
Generating docs for file matplothelper.hh...
Generating docs for file eigendunetransformations.hh...
Generating docs for file eigensparseaddon.hh...
Generating docs for file findlinesegment.hh...
Generating docs for file flatprebasis.hh...
Generating docs for file functionhelper.hh...
Generating docs for file functionsanitychecks.hh...
Generating docs for file init.hh...
Generating docs for file linearalgebrahelper.hh...
Generating docs for file makeenum.hh...
Generating docs for file math.hh...
Generating docs for file nonlinearoperator.hh...
Generating docs for file nonlinopfactory.hh...
Generating docs for file controllogger.hh...
Generating docs for file controlvtkwriter.hh...
Generating docs for file genericobserver.hh...
Generating docs for file nonlinearsolverlogger.hh...
Generating docs for file observer.hh...
Generating docs for file observermessages.hh...
Generating docs for file polyfit.hh...
Generating docs for file pythonautodiffdefinitions.hh...
Generating docs for file tensorproductquadrule.hh...
Generating docs for file tensorutils.hh...
Generating docs for file traits.hh...
Generating docs for file traversal.hh...
Generating docs for file LICENSE.md...
Generating docs for file _ikarus.cc...
Generating docs for file basis.py...
Generating docs for file dirichlet_values.py...
Generating docs for file generator.py...
Generating docs for file __init__.py...
Generating docs for file __init__.py...
Generating docs for file __init__.py...
Generating docs for file __init__.py...
Generating page documentation...
Generating docs for page md____w_ikarus_ikarus_repo_LICENSE...
Generating docs for page citelist...
Generating group documentation...
Generating dependency graph for group group_main
Generating dependency graph for group assembler
Generating dependency graph for group controlroutines
Generating dependency graph for group finiteelements
Generating dependency graph for group mechanics
Generating dependency graph for group Affordancestags
Generating dependency graph for group FEParameterTags
Generating dependency graph for group materials
Generating dependency graph for group Materialtags
Generating dependency graph for group io
Generating dependency graph for group resultevaluators
Generating dependency graph for group pythonbindings
Generating dependency graph for group solvers
Generating dependency graph for group observer
Generating dependency graph for group utils
Generating caller graph for function Ikarus::correctionSize
Generating caller graph for function Ikarus::increment
Generating caller graph for function Ikarus::utils::referenceElementSubEntityPositions
Generating caller graph for function Ikarus::removeCol
Generating caller graph for function Ikarus::skew
Generating caller graph for function Ikarus::staticCondensation
Generating caller graph for function Ikarus::valueSize
Generating caller graph for function Ikarus::viewAsEigenMatrixAsDynFixed
Generating caller graph for function Ikarus::viewAsFlatEigenVector
Generating dependency graph for group tensor
Generating caller graph for function Ikarus::dyadic
Generating caller graph for function Ikarus::fourthOrderIKJL
Generating caller graph for function Ikarus::fromVoigt
Generating caller graph for function Ikarus::identityFourthOrder
Generating caller graph for function Ikarus::symmetricIdentityFourthOrder
Generating caller graph for function Ikarus::symTwoSlots
Generating caller graph for function Ikarus::tensorView
Generating caller graph for function Ikarus::toVoigt
Generating dependency graph for group algos
Generating caller graph for function Ikarus::utils::count_if
Generating caller graph for function Ikarus::utils::find_if
Generating caller graph for function Ikarus::utils::none_of
Generating caller graph for function Ikarus::utils::unique
Generating dependency graph for group traits
Generating class documentation...
Generating docs for compound TrustRegionSettings...
Generating docs for compound ValueWrapper...
Generating concept documentation...
Generating namespace index...
Generating docs for namespace Dune
Generating docs for compound Dune::FieldVector...
Generating docs for namespace Eigen
Generating docs for compound Eigen::EigenBase...
Generating docs for compound Eigen::TCGInfo...
Generating docs for compound Eigen::TruncatedConjugateGradient...
Generating docs for namespace Eigen::internal
Generating caller graph for function Eigen::internal::truncated_conjugate_gradient
Generating docs for compound Eigen::internal::traits< TruncatedConjugateGradient< MatrixType_, UpLo, Preconditioner_ > >...
Generating docs for namespace Ikarus
Generating caller graph for function Ikarus::convertLameConstants
Generating caller graph for function Ikarus::createNonlinearSolver
Generating caller graph for function Ikarus::ct_sqrt
Generating caller graph for function Ikarus::functions
Generating caller graph for function Ikarus::init
Generating caller graph for function Ikarus::linearElasticMaterialTangent3D
Generating caller graph for function Ikarus::makeVanishingStress
Generating caller graph for function Ikarus::NonLinearOperator
Generating caller graph for function Ikarus::parameter
Generating caller graph for function Ikarus::planeStressLinearElasticMaterialTangent
Generating caller graph for function Ikarus::scalarAffordance
Generating caller graph for function Ikarus::toString
Generating caller graph for function Ikarus::transpose
Generating caller graph for function Ikarus::vectorAffordance
Generating caller graph for function Ikarus::volumeLoad
Generating caller graph for function Ikarus::VolumeLoadPre
Generating docs for compound Ikarus::AffordanceCollection...
Generating caller graph for function Ikarus::AffordanceCollection::matrixAffordance
Generating caller graph for function Ikarus::AffordanceCollection::scalarAffordance
Generating caller graph for function Ikarus::AffordanceCollection::vectorAffordance
Generating docs for compound Ikarus::AlgoInfo...
Generating docs for compound Ikarus::ArcLength...
Generating docs for compound Ikarus::AutoDiffFE...
Generating docs for compound Ikarus::BasisHandler...
Generating caller graph for function Ikarus::BasisHandler::flat
Generating caller graph for function Ikarus::BasisHandler::untouched
Generating docs for compound Ikarus::BulkModulusAndLamesFirstParameter...
Generating docs for compound Ikarus::ControlInformation...
Generating docs for compound Ikarus::ControlLogger...
Generating docs for compound Ikarus::ControlSubsamplingVertexVTKWriter...
Generating docs for compound Ikarus::ConvertLameConstants...
Generating docs for compound Ikarus::DefaultMembraneStrain...
Generating caller graph for function Ikarus::DefaultMembraneStrain::derivative
Generating caller graph for function Ikarus::DefaultMembraneStrain::secondDerivative
Generating caller graph for function Ikarus::DefaultMembraneStrain::value
Generating docs for compound Ikarus::DenseFlatAssembler...
Generating caller graph for function Ikarus::FlatAssemblerBase::affordanceCollection
Generating caller graph for function Ikarus::FlatAssemblerBase::boundToAffordanceCollection
Generating caller graph for function Ikarus::FlatAssemblerBase::boundToDBCOption
Generating caller graph for function Ikarus::FlatAssemblerBase::boundToRequirement
Generating caller graph for function Ikarus::FlatAssemblerBase::dBCOption
Generating caller graph for function Ikarus::DenseFlatAssembler::matrix
Generating caller graph for function Ikarus::FlatAssemblerBase::requirement
Generating caller graph for function Ikarus::VectorFlatAssembler::vector
Generating docs for compound Ikarus::DirichletValues...
Generating caller graph for function Ikarus::DirichletValues::fixBoundaryDOFs
Generating caller graph for function Ikarus::DirichletValues::fixDOFs
Generating docs for compound Ikarus::DisplacementControl...
Generating docs for compound Ikarus::EnhancedAssumedStrains...
Generating caller graph for function Ikarus::EnhancedAssumedStrains::easApplicabilityCheck
Generating caller graph for function Ikarus::EnhancedAssumedStrains::isDisplacementBased
Generating caller graph for function Ikarus::EnhancedAssumedStrains::numberOfEASParameters
Generating caller graph for function Ikarus::EnhancedAssumedStrains::setEASType
Generating docs for compound Ikarus::EnhancedAssumedStrainsPre...
Generating docs for compound Ikarus::FE...
Generating caller graph for function Ikarus::FE::bind
Generating caller graph for function Ikarus::FE::gridElement
Generating caller graph for function Ikarus::FE::localView
Generating caller graph for function Ikarus::FE::size
Generating docs for compound Ikarus::FEFactory...
Generating docs for compound Ikarus::FEMixin...
Generating docs for nested compound Ikarus::FEMixin::RequirementType...
Generating docs for nested compound Ikarus::FEMixin::RequirementType< false, T >...
Generating docs for nested compound Ikarus::FEMixin::RequirementType< true, T >...
Generating docs for compound Ikarus::FERequirements...
Generating caller graph for function Ikarus::FERequirements::globalSolution
Generating caller graph for function Ikarus::FERequirements::insertGlobalSolution
Generating caller graph for function Ikarus::FERequirements::insertParameter
Generating caller graph for function Ikarus::FERequirements::parameter
Generating docs for compound Ikarus::FERequirementsFactory...
Generating docs for compound Ikarus::FETraits...
Generating docs for compound Ikarus::FlatAssemblerBase...
Generating caller graph for function Ikarus::FlatAssemblerBase::affordanceCollection
Generating caller graph for function Ikarus::FlatAssemblerBase::boundToAffordanceCollection
Generating caller graph for function Ikarus::FlatAssemblerBase::boundToDBCOption
Generating caller graph for function Ikarus::FlatAssemblerBase::boundToRequirement
Generating caller graph for function Ikarus::FlatAssemblerBase::dBCOption
Generating caller graph for function Ikarus::FlatAssemblerBase::requirement
Generating docs for compound Ikarus::FlatIndexMergingStrategy...
Generating docs for compound Ikarus::FlatIndexMergingStrategy< Dune::Functions::BasisFactory::BlockedInterleaved >...
Generating docs for compound Ikarus::FlatIndexMergingStrategy< Dune::Functions::BasisFactory::BlockedLexicographic >...
Generating docs for compound Ikarus::FlatPreBasis...
Generating caller graph for function Ikarus::FlatPreBasis::create
Generating docs for compound Ikarus::FlatPreBasis< Dune::Functions::CompositePreBasis< IMS, SPB... > >...
Generating docs for compound Ikarus::FlatPreBasis< Dune::Functions::PowerPreBasis< IMS, SPB, C > >...
Generating docs for compound Ikarus::GenericObserver...
Generating docs for compound Ikarus::IkarusInstance...
Generating docs for compound Ikarus::IObservable...
Generating docs for compound Ikarus::IObserver...
Generating caller graph for function Ikarus::IObserver::updateImpl
Generating docs for compound Ikarus::KirchhoffLoveShell...
Generating caller graph for function Ikarus::KirchhoffLoveShell::bopBending
Generating caller graph for function Ikarus::KirchhoffLoveShell::computeMaterialAndStrains
Generating caller graph for function Ikarus::KirchhoffLoveShell::displacementFunction
Generating caller graph for function Ikarus::KirchhoffLoveShell::geometry
Generating caller graph for function Ikarus::KirchhoffLoveShell::kgBending
Generating caller graph for function Ikarus::KirchhoffLoveShell::materialTangent
Generating docs for nested compound Ikarus::KirchhoffLoveShell::KinematicVariables...
Generating docs for compound Ikarus::KirchhoffLoveShellPre...
Generating docs for compound Ikarus::KlArgs...
Generating docs for compound Ikarus::LamesFirstParameterAndShearModulus...
Generating docs for compound Ikarus::LinearElastic...
Generating caller graph for function Ikarus::LinearElastic::displacementFunction
Generating caller graph for function Ikarus::LinearElastic::materialTangent
Generating caller graph for function Ikarus::LinearElastic::strainFunction
Generating docs for compound Ikarus::LinearElasticityT...
Generating caller graph for function Ikarus::LinearElasticityT::storedEnergyImpl
Generating docs for compound Ikarus::LinearElasticPre...
Generating docs for compound Ikarus::LinearSolverTemplate...
Generating caller graph for function Ikarus::LinearSolverTemplate::LinearSolverTemplate
Generating caller graph for function Ikarus::LinearSolverTemplate::analyzePattern
Generating caller graph for function Ikarus::LinearSolverTemplate::compute
Generating caller graph for function Ikarus::LinearSolverTemplate::factorize
Generating caller graph for function Ikarus::LinearSolverTemplate::solve
Generating docs for compound Ikarus::LoadControl...
Generating docs for compound Ikarus::LoadControlSubsidiaryFunction...
Generating docs for compound Ikarus::Material...
Generating caller graph for function Ikarus::Material::impl
Generating docs for compound Ikarus::NeoHookeT...
Generating docs for compound Ikarus::NeumannBoundaryLoadPre...
Generating docs for compound Ikarus::NewtonRaphson...
Generating docs for compound Ikarus::NewtonRaphsonConfig...
Generating docs for compound Ikarus::NewtonRaphsonWithSubsidiaryFunction...
Generating docs for compound Ikarus::NewtonRaphsonWithSubsidiaryFunctionConfig...
Generating docs for compound Ikarus::NewtonRaphsonWithSubsidiaryFunctionSettings...
Generating docs for compound Ikarus::NonLinearElastic...
Generating caller graph for function Ikarus::NonLinearElastic::displacementFunction
Generating caller graph for function Ikarus::NonLinearElastic::getInternalEnergy
Generating caller graph for function Ikarus::NonLinearElastic::getStress
Generating caller graph for function Ikarus::NonLinearElastic::materialTangent
Generating caller graph for function Ikarus::NonLinearElastic::strainFunction
Generating docs for compound Ikarus::NonLinearElasticPre...
Generating docs for compound Ikarus::NonLinearOperator...
Generating docs for compound Ikarus::NonLinearOperatorFactory...
Generating caller graph for function Ikarus::NonLinearOperatorFactory::op
Generating docs for compound Ikarus::NonlinearSolverFactory...
Generating docs for compound Ikarus::NonLinearSolverInformation...
Generating docs for compound Ikarus::NonLinearSolverLogger...
Generating docs for compound Ikarus::NRSettings...
Generating docs for compound Ikarus::PathFollowing...
Generating docs for compound Ikarus::PreFE...
Generating docs for compound Ikarus::ResultFunction...
Generating docs for compound Ikarus::ResultWrapper...
Generating docs for compound Ikarus::ScalarAssembler...
Generating caller graph for function Ikarus::FlatAssemblerBase::affordanceCollection
Generating caller graph for function Ikarus::FlatAssemblerBase::boundToAffordanceCollection
Generating caller graph for function Ikarus::FlatAssemblerBase::boundToDBCOption
Generating caller graph for function Ikarus::FlatAssemblerBase::boundToRequirement
Generating caller graph for function Ikarus::FlatAssemblerBase::dBCOption
Generating caller graph for function Ikarus::FlatAssemblerBase::requirement
Generating docs for compound Ikarus::Skills...
Generating docs for compound Ikarus::SparseFlatAssembler...
Generating caller graph for function Ikarus::FlatAssemblerBase::affordanceCollection
Generating caller graph for function Ikarus::FlatAssemblerBase::boundToAffordanceCollection
Generating caller graph for function Ikarus::FlatAssemblerBase::boundToDBCOption
Generating caller graph for function Ikarus::FlatAssemblerBase::boundToRequirement
Generating caller graph for function Ikarus::FlatAssemblerBase::dBCOption
Generating caller graph for function Ikarus::SparseFlatAssembler::matrix
Generating caller graph for function Ikarus::FlatAssemblerBase::requirement
Generating caller graph for function Ikarus::VectorFlatAssembler::vector
Generating docs for compound Ikarus::Stats...
Generating docs for compound Ikarus::StVenantKirchhoffT...
Generating docs for compound Ikarus::SubsidiaryArgs...
Generating docs for compound Ikarus::Traction...
Generating docs for compound Ikarus::TRSettings...
Generating docs for compound Ikarus::TrustRegion...
Generating docs for compound Ikarus::TrustRegionConfig...
Generating docs for compound Ikarus::VanishingStress...
Generating docs for compound Ikarus::VectorFlatAssembler...
Generating caller graph for function Ikarus::FlatAssemblerBase::affordanceCollection
Generating caller graph for function Ikarus::FlatAssemblerBase::boundToAffordanceCollection
Generating caller graph for function Ikarus::FlatAssemblerBase::boundToDBCOption
Generating caller graph for function Ikarus::FlatAssemblerBase::boundToRequirement
Generating caller graph for function Ikarus::FlatAssemblerBase::dBCOption
Generating caller graph for function Ikarus::FlatAssemblerBase::requirement
Generating caller graph for function Ikarus::VectorFlatAssembler::vector
Generating docs for compound Ikarus::VolumeLoad...
Generating docs for compound Ikarus::VolumeLoadPre...
Generating docs for compound Ikarus::YoungsModulusAndBulkModulus...
Generating docs for compound Ikarus::YoungsModulusAndLamesFirstParameter...
Generating docs for compound Ikarus::YoungsModulusAndPoissonsRatio...
Generating docs for compound Ikarus::YoungsModulusAndShearModulus...
Generating docs for concept Ikarus::FEAffordance...
Generating docs for concept Ikarus::CorrectStrainSize...
Generating docs for concept Ikarus::MPTuple...
Generating docs for namespace ikarus
Generating docs for namespace Ikarus::AdaptiveStepSizing
Generating docs for compound Ikarus::AdaptiveStepSizing::IterationBased...
Generating caller graph for function Ikarus::AdaptiveStepSizing::IterationBased::targetIterations
Generating docs for compound Ikarus::AdaptiveStepSizing::NoOp...
Generating docs for namespace Ikarus::AffordanceCollections
Generating caller graph for function Ikarus::AffordanceCollections::elastoStatics
Generating docs for namespace ikarus::assembler
Generating docs for namespace ikarus::basis
Generating caller graph for function ikarus.basis.basis
Generating docs for namespace Ikarus::Concepts
Generating docs for concept Ikarus::Concepts::FlatInterLeavedBasis...
Generating docs for concept Ikarus::Concepts::LagrangeNode...
Generating docs for concept Ikarus::Concepts::LagrangeNodeOfOrder...
Generating docs for concept Ikarus::Concepts::FlatLexicographicBasis...
Generating docs for concept Ikarus::Concepts::FlatIndexBasis...
Generating docs for concept Ikarus::Concepts::BlockedInterLeavedBasis...
Generating docs for concept Ikarus::Concepts::BlockedLexicographicBasis...
Generating docs for concept Ikarus::Concepts::DuneLocalBasis...
Generating docs for concept Ikarus::Concepts::BlockedIndexBasis...
Generating docs for concept Ikarus::Concepts::PathFollowingStrategy...
Generating docs for concept Ikarus::Concepts::AdaptiveStepSizingStrategy...
Generating docs for concept Ikarus::Concepts::LinearSolverCheck...
Generating docs for concept Ikarus::Concepts::NonLinearSolverCheckForPathFollowing...
Generating docs for concept Ikarus::Concepts::MultiplyAble...
Generating docs for concept Ikarus::Concepts::AddAble...
Generating docs for concept Ikarus::Concepts::SubstractAble...
Generating docs for concept Ikarus::Concepts::MultiplyAssignAble...
Generating docs for concept Ikarus::Concepts::DivideAssignAble...
Generating docs for concept Ikarus::Concepts::AddAssignAble...
Generating docs for concept Ikarus::Concepts::SubstractAssignAble...
Generating docs for concept Ikarus::Concepts::DivideAble...
Generating docs for concept Ikarus::Concepts::NegateAble...
Generating docs for concept Ikarus::Concepts::TransposeAble...
Generating docs for concept Ikarus::Concepts::IsFunctorWithArgs...
Generating docs for concept Ikarus::Concepts::EigenVector...
Generating docs for concept Ikarus::Concepts::EigenMatrix...
Generating docs for concept Ikarus::Concepts::IsMaterial...
Generating docs for concept Ikarus::Concepts::ResultType...
Generating docs for concept Ikarus::Concepts::FlatAssembler...
Generating docs for namespace ikarus::dirichlet_values
Generating caller graph for function ikarus.dirichlet_values.dirichletValues
Generating docs for namespace Ikarus::EAS
Generating docs for compound Ikarus::EAS::E0...
Generating docs for compound Ikarus::EAS::H1E21...
Generating docs for compound Ikarus::EAS::H1E9...
Generating docs for compound Ikarus::EAS::Q1E4...
Generating docs for compound Ikarus::EAS::Q1E5...
Generating docs for compound Ikarus::EAS::Q1E7...
Generating docs for namespace Ikarus::FEHelper
Generating caller graph for function Ikarus::FEHelper::globalIndices
Generating caller graph for function Ikarus::FEHelper::globalIndicesFromLocalView
Generating docs for namespace ikarus::finite_elements
Generating caller graph for function ikarus.finite_elements.registerPreElement
Generating caller graph for function ikarus.finite_elements.volumeLoad
Generating docs for namespace ikarus::generator
Generating docs for namespace Ikarus::plot
Generating docs for namespace Ikarus::Python
Generating caller graph for function Ikarus::Python::registerCalculateAt
Generating caller graph for function Ikarus::Python::registerFERequirement
Generating docs for namespace Ikarus::ResultEvaluators
Generating docs for compound Ikarus::ResultEvaluators::PrincipalStress...
Generating docs for compound Ikarus::ResultEvaluators::VonMises...
Generating docs for namespace Ikarus::ResultTypes
Generating docs for namespace Ikarus::traits
Generating docs for compound Ikarus::traits::FunctionTraits...
Generating docs for compound Ikarus::traits::hasType...
Generating docs for compound Ikarus::traits::Index...
Generating docs for compound Ikarus::traits::is_tuple< std::tuple< T... > >...
Generating docs for compound Ikarus::traits::isSharedPtr...
Generating docs for compound Ikarus::traits::isSpecialization< U, U< T... > >...
Generating docs for compound Ikarus::traits::isSpecializationNonTypeAndTypes< Type, Type< T, N... > >...
Generating docs for compound Ikarus::traits::isSpecializationNonTypes< Type, Type< N... > >...
Generating docs for compound Ikarus::traits::isSpecializationTypeNonTypeAndType< Type, Type< T, M, N > >...
Generating docs for compound Ikarus::traits::Rebind...
Generating docs for compound Ikarus::traits::remove_pointer...
Generating docs for concept Ikarus::traits::Pointer...
Generating docs for namespace Ikarus::utils
Generating caller graph for function Ikarus::utils::forEachLeafOrPowerLeafNode
Generating docs for compound Ikarus::utils::CheckFlags...
Generating docs for compound Ikarus::utils::SolverDefault...
Generating docs for compound Ikarus::utils::UpdateDefault...
Generating docs for namespace ikarus::utils
Generating docs for namespace Python
Generating docs for compound Python::Conversion< autodiff::Real< order, T > >...
Generating docs for namespace std
Generating graph info page...
Generating directory documentation...
Generating dependency graph for directory assembler
Generating dependency graph for directory assembler
Generating dependency graph for directory assembler
Generating dependency graph for directory basis
Generating dependency graph for directory controlroutines
Generating dependency graph for directory dirichletvalues
Generating dependency graph for directory doxygen
Generating dependency graph for directory drawing
Generating dependency graph for directory eas
Generating dependency graph for directory finite_elements
Generating dependency graph for directory finiteelements
Generating dependency graph for directory finiteelements
Generating dependency graph for directory ikarus
Generating dependency graph for directory ikarus
Generating dependency graph for directory io
Generating dependency graph for directory linearalgebra
Generating dependency graph for directory linearsolver
Generating dependency graph for directory loads
Generating dependency graph for directory materials
Generating dependency graph for directory mechanics
Generating dependency graph for directory nonlinearsolver
Generating dependency graph for directory observer
Generating dependency graph for directory python
Generating dependency graph for directory python
Generating dependency graph for directory solver
Generating dependency graph for directory utils
Generating dependency graph for directory utils
Generating dependency graph for directory utils
Generating dependency graph for directory website
Generating index page...
Generating page index...
Generating module index...
Generating namespace index...
Generating namespace member index...
Generating concept index...
Generating annotated compound index...
Generating alphabetical compound index...
Generating hierarchical class index...
Generating member index...
Generating file index...
Generating file member index...
Generating example index...
finalizing index lists...
writing tag file...
Generating XML output...
Generating XML output for class Ikarus::AffordanceCollection
Generating XML output for class Ikarus::AlgoInfo
Generating XML output for class Ikarus::ArcLength
Generating XML output for class Ikarus::AutoDiffFE
Generating XML output for class Ikarus::BasisHandler
Generating XML output for class Ikarus::BulkModulusAndLamesFirstParameter
Generating XML output for class Ikarus::utils::CheckFlags
Generating XML output for class Ikarus::ControlInformation
Generating XML output for class Ikarus::ControlLogger
Generating XML output for class Ikarus::ControlSubsamplingVertexVTKWriter
Generating XML output for class Python::Conversion< autodiff::Real< order, T > >
Generating XML output for class Ikarus::ConvertLameConstants
Generating XML output for class Ikarus::DefaultMembraneStrain
Generating XML output for class Ikarus::DenseFlatAssembler
Generating XML output for class Ikarus::DirichletValues::DirichletFunctions
Generating XML output for class Ikarus::DirichletValues
Generating XML output for class Ikarus::DisplacementControl
Generating XML output for class Ikarus::EAS::E0
Generating XML output for class Eigen::EigenBase
Generating XML output for class Ikarus::EnhancedAssumedStrains
Generating XML output for class Ikarus::EnhancedAssumedStrainsPre
Generating XML output for class Ikarus::FE
Generating XML output for class Ikarus::FEFactory
Generating XML output for class Ikarus::FEMixin
Generating XML output for class Ikarus::FERequirements
Generating XML output for class Ikarus::FERequirementsFactory
Generating XML output for class Ikarus::FETraits
Generating XML output for class Dune::FieldVector
Generating XML output for class Ikarus::FlatAssemblerBase
Generating XML output for class Ikarus::FlatIndexMergingStrategy
Generating XML output for class Ikarus::FlatIndexMergingStrategy< Dune::Functions::BasisFactory::BlockedInterleaved >
Generating XML output for class Ikarus::FlatIndexMergingStrategy< Dune::Functions::BasisFactory::BlockedLexicographic >
Generating XML output for class Ikarus::FlatPreBasis
Generating XML output for class Ikarus::FlatPreBasis< Dune::Functions::CompositePreBasis< IMS, SPB... > >
Generating XML output for class Ikarus::FlatPreBasis< Dune::Functions::PowerPreBasis< IMS, SPB, C > >
Generating XML output for class Ikarus::traits::FunctionTraits
Generating XML output for class Ikarus::GenericObserver
Generating XML output for class Ikarus::EAS::H1E21
Generating XML output for class Ikarus::EAS::H1E9
Generating XML output for class Ikarus::traits::hasType
Generating XML output for class Ikarus::IkarusInstance
Generating XML output for class Ikarus::traits::Index
Generating XML output for class Ikarus::IObservable
Generating XML output for class Ikarus::IObserver
Generating XML output for class Ikarus::traits::is_tuple< std::tuple< T... > >
Generating XML output for class Ikarus::traits::isSharedPtr
Generating XML output for class Ikarus::traits::isSpecialization< U, U< T... > >
Generating XML output for class Ikarus::traits::isSpecializationNonTypeAndTypes< Type, Type< T, N... > >
Generating XML output for class Ikarus::traits::isSpecializationNonTypes< Type, Type< N... > >
Generating XML output for class Ikarus::traits::isSpecializationTypeNonTypeAndType< Type, Type< T, M, N > >
Generating XML output for class Ikarus::AdaptiveStepSizing::IterationBased
Generating XML output for class Ikarus::KirchhoffLoveShell::KinematicVariables
Generating XML output for class Ikarus::KirchhoffLoveShell
Generating XML output for class Ikarus::KirchhoffLoveShellPre
Generating XML output for class Ikarus::KlArgs
Generating XML output for class Ikarus::LamesFirstParameterAndShearModulus
Generating XML output for class Ikarus::LinearElastic
Generating XML output for class Ikarus::LinearElasticityT
Generating XML output for class Ikarus::LinearElasticPre
Generating XML output for class Ikarus::LinearSolverTemplate
Generating XML output for class Ikarus::LoadControl
Generating XML output for class Ikarus::LoadControlSubsidiaryFunction
Generating XML output for class Ikarus::Material
Generating XML output for class Ikarus::NeoHookeT
Generating XML output for class Ikarus::NeumannBoundaryLoadPre
Generating XML output for class Ikarus::NewtonRaphson
Generating XML output for class Ikarus::NewtonRaphsonConfig
Generating XML output for class Ikarus::NewtonRaphsonWithSubsidiaryFunction
Generating XML output for class Ikarus::NewtonRaphsonWithSubsidiaryFunctionConfig
Generating XML output for class Ikarus::NewtonRaphsonWithSubsidiaryFunctionSettings
Generating XML output for class Ikarus::NonLinearElastic
Generating XML output for class Ikarus::NonLinearElasticPre
Generating XML output for class Ikarus::NonLinearOperator
Generating XML output for class Ikarus::NonLinearOperatorFactory
Generating XML output for class Ikarus::NonlinearSolverFactory
Generating XML output for class Ikarus::NonLinearSolverInformation
Generating XML output for class Ikarus::NonLinearSolverLogger
Generating XML output for class Ikarus::AdaptiveStepSizing::NoOp
Generating XML output for class Ikarus::NRSettings
Generating XML output for class Ikarus::PathFollowing
Generating XML output for class Ikarus::PreFE
Generating XML output for class Ikarus::ResultEvaluators::PrincipalStress
Generating XML output for class Ikarus::EAS::Q1E4
Generating XML output for class Ikarus::EAS::Q1E5
Generating XML output for class Ikarus::EAS::Q1E7
Generating XML output for class Ikarus::traits::Rebind
Generating XML output for class Ikarus::traits::remove_pointer
Generating XML output for class Ikarus::FEMixin::RequirementType
Generating XML output for class Ikarus::FEMixin::RequirementType< false, T >
Generating XML output for class Ikarus::FEMixin::RequirementType< true, T >
Generating XML output for class Ikarus::ResultFunction
Generating XML output for class Ikarus::ResultWrapper
Generating XML output for class Ikarus::ScalarAssembler
Generating XML output for class Ikarus::Skills
Generating XML output for class Ikarus::LinearSolverTemplate::SolverBase
Generating XML output for class Ikarus::utils::SolverDefault
Generating XML output for class Ikarus::LinearSolverTemplate::SolverImpl
Generating XML output for class Ikarus::SparseFlatAssembler
Generating XML output for class Ikarus::Stats
Generating XML output for class Ikarus::StVenantKirchhoffT
Generating XML output for class Ikarus::SubsidiaryArgs
Generating XML output for class Eigen::TCGInfo
Generating XML output for class Ikarus::Traction
Generating XML output for class Eigen::internal::traits< TruncatedConjugateGradient< MatrixType_, UpLo, Preconditioner_ > >
Generating XML output for class Ikarus::TRSettings
Generating XML output for class Eigen::TruncatedConjugateGradient
Generating XML output for class Ikarus::TrustRegion
Generating XML output for class Ikarus::TrustRegionConfig
Generating XML output for class TrustRegionSettings
Generating XML output for class Ikarus::utils::UpdateDefault
Generating XML output for class ValueWrapper
Generating XML output for class Ikarus::VanishingStress
Generating XML output for class Ikarus::VectorFlatAssembler
Generating XML output for class Ikarus::VolumeLoad
Generating XML output for class Ikarus::VolumeLoadPre
Generating XML output for class Ikarus::ResultEvaluators::VonMises
Generating XML output for class Ikarus::YoungsModulusAndBulkModulus
Generating XML output for class Ikarus::YoungsModulusAndLamesFirstParameter
Generating XML output for class Ikarus::YoungsModulusAndPoissonsRatio
Generating XML output for class Ikarus::YoungsModulusAndShearModulus
Generating XML output for concept Ikarus::Concepts::AdaptiveStepSizingStrategy
Generating XML output for concept Ikarus::Concepts::AddAble
Generating XML output for concept Ikarus::Concepts::AddAssignAble
Generating XML output for concept Ikarus::Concepts::BlockedIndexBasis
Generating XML output for concept Ikarus::Concepts::BlockedInterLeavedBasis
Generating XML output for concept Ikarus::Concepts::BlockedLexicographicBasis
Generating XML output for concept Ikarus::Concepts::DivideAble
Generating XML output for concept Ikarus::Concepts::DivideAssignAble
Generating XML output for concept Ikarus::Concepts::DuneLocalBasis
Generating XML output for concept Ikarus::Concepts::EigenMatrix
Generating XML output for concept Ikarus::Concepts::EigenVector
Generating XML output for concept Ikarus::Concepts::FlatAssembler
Generating XML output for concept Ikarus::Concepts::FlatIndexBasis
Generating XML output for concept Ikarus::Concepts::FlatInterLeavedBasis
Generating XML output for concept Ikarus::Concepts::FlatLexicographicBasis
Generating XML output for concept Ikarus::Concepts::Impl::ResultType
Generating XML output for concept Ikarus::Concepts::IsFunctorWithArgs
Generating XML output for concept Ikarus::Concepts::IsMaterial
Generating XML output for concept Ikarus::Concepts::LagrangeNode
Generating XML output for concept Ikarus::Concepts::LagrangeNodeOfOrder
Generating XML output for concept Ikarus::Concepts::LinearSolverCheck
Generating XML output for concept Ikarus::Concepts::MultiplyAble
Generating XML output for concept Ikarus::Concepts::MultiplyAssignAble
Generating XML output for concept Ikarus::Concepts::NegateAble
Generating XML output for concept Ikarus::Concepts::NonLinearSolverCheckForPathFollowing
Generating XML output for concept Ikarus::Concepts::PathFollowingStrategy
Generating XML output for concept Ikarus::Concepts::ResultType
Generating XML output for concept Ikarus::Concepts::SubstractAble
Generating XML output for concept Ikarus::Concepts::SubstractAssignAble
Generating XML output for concept Ikarus::Concepts::TransposeAble
Generating XML output for concept Ikarus::CorrectStrainSize
Generating XML output for concept Ikarus::FEAffordance
Generating XML output for concept Ikarus::MPTuple
Generating XML output for concept Ikarus::traits::Pointer
Generating XML output for namespace _ikarus
Generating XML output for namespace Dune
Generating XML output for namespace Eigen
Generating XML output for namespace Eigen::internal
Generating XML output for namespace Ikarus
Generating XML output for namespace ikarus
Generating XML output for namespace Ikarus::AdaptiveStepSizing
Generating XML output for namespace Ikarus::AffordanceCollections
Generating XML output for namespace ikarus::assembler
Generating XML output for namespace ikarus::basis
Generating XML output for namespace Ikarus::Concepts
Generating XML output for namespace Ikarus::Concepts::Impl
Generating XML output for namespace ikarus::dirichlet_values
Generating XML output for namespace Ikarus::EAS
Generating XML output for namespace Ikarus::EAS::Impl
Generating XML output for namespace Ikarus::FEHelper
Generating XML output for namespace Ikarus::FEHelper::Impl
Generating XML output for namespace ikarus::finite_elements
Generating XML output for namespace ikarus::generator
Generating XML output for namespace Ikarus::Impl
Generating XML output for namespace Ikarus::plot
Generating XML output for namespace Ikarus::Python
Generating XML output for namespace Ikarus::ResultEvaluators
Generating XML output for namespace Ikarus::ResultTypes
Generating XML output for namespace Ikarus::traits
Generating XML output for namespace Ikarus::utils
Generating XML output for namespace ikarus::utils
Generating XML output for namespace Ikarus::utils::Impl
Generating XML output for namespace Python
Generating XML output for namespace std
Generating XML output for file mainpage.md
Generating XML output for file modules.hh
Generating XML output for file dirichletbcenforcement.hh
Generating XML output for file simpleassemblers.hh
Generating XML output for file simpleassemblers.inl
Generating XML output for file adaptivestepsizing.hh
Generating XML output for file controlinfos.hh
Generating XML output for file loadcontrol.hh
Generating XML output for file loadcontrol.inl
Generating XML output for file pathfollowing.hh
Generating XML output for file pathfollowing.inl
Generating XML output for file pathfollowingfunctions.hh
Generating XML output for file autodifffe.hh
Generating XML output for file febase.hh
Generating XML output for file fefactory.hh
Generating XML output for file fehelper.hh
Generating XML output for file ferequirements.hh
Generating XML output for file feresulttypes.hh
Generating XML output for file fetraits.hh
Generating XML output for file eas2d.hh
Generating XML output for file eas3d.hh
Generating XML output for file easvariants.hh
Generating XML output for file enhancedassumedstrains.hh
Generating XML output for file kirchhoffloveshell.hh
Generating XML output for file linearelastic.hh
Generating XML output for file loads.hh
Generating XML output for file traction.hh
Generating XML output for file volume.hh
Generating XML output for file materials.hh
Generating XML output for file interface.hh
Generating XML output for file linearelasticity.hh
Generating XML output for file neohooke.hh
Generating XML output for file strainconversions.hh
Generating XML output for file svk.hh
Generating XML output for file tags.hh
Generating XML output for file vanishingstress.hh
Generating XML output for file membranestrains.hh
Generating XML output for file nonlinearelastic.hh
Generating XML output for file mixin.hh
Generating XML output for file physicshelper.hh
Generating XML output for file resultevaluators.hh
Generating XML output for file resultfunction.hh
Generating XML output for file truncatedconjugategradient.hh
Generating XML output for file flatassembler.hh
Generating XML output for file fe.hh
Generating XML output for file material.hh
Generating XML output for file registerferequirements.hh
Generating XML output for file registerpreelement.hh
Generating XML output for file valuewrapper.hh
Generating XML output for file boundarypatch.hh
Generating XML output for file linearsolver.hh
Generating XML output for file newtonraphson.hh
Generating XML output for file newtonraphsonwithscalarsubsidiaryfunction.hh
Generating XML output for file nonlinearsolverfactory.hh
Generating XML output for file solverinfos.hh
Generating XML output for file trustregion.hh
Generating XML output for file algorithms.hh
Generating XML output for file autodiffhelper.hh
Generating XML output for file python/basis/basis.hh
Generating XML output for file utils/basis.hh
Generating XML output for file concepts.hh
Generating XML output for file defaultfunctions.hh
Generating XML output for file python/dirichletvalues/dirichletvalues.hh
Generating XML output for file utils/dirichletvalues.hh
Generating XML output for file griddrawer.hh
Generating XML output for file matplothelper.hh
Generating XML output for file eigendunetransformations.hh
Generating XML output for file eigensparseaddon.hh
Generating XML output for file findlinesegment.hh
Generating XML output for file flatprebasis.hh
Generating XML output for file functionhelper.hh
Generating XML output for file functionsanitychecks.hh
Generating XML output for file init.hh
Generating XML output for file linearalgebrahelper.hh
Generating XML output for file makeenum.hh
Generating XML output for file math.hh
Generating XML output for file nonlinearoperator.hh
Generating XML output for file nonlinopfactory.hh
Generating XML output for file controllogger.hh
Generating XML output for file controlvtkwriter.hh
Generating XML output for file genericobserver.hh
Generating XML output for file nonlinearsolverlogger.hh
Generating XML output for file observer.hh
Generating XML output for file observermessages.hh
Generating XML output for file polyfit.hh
Generating XML output for file pythonautodiffdefinitions.hh
Generating XML output for file tensorproductquadrule.hh
Generating XML output for file tensorutils.hh
Generating XML output for file traits.hh
Generating XML output for file traversal.hh
Generating XML output for file LICENSE.md
Generating XML output for file _ikarus.cc
Generating XML output for file basis.py
Generating XML output for file dirichlet_values.py
Generating XML output for file generator.py
Generating XML output for file __init__.py
Generating XML output for file assembler/__init__.py
Generating XML output for file finite_elements/__init__.py
Generating XML output for file utils/__init__.py
Generating XML output for group group_main
Generating XML output for group assembler
Generating XML output for group controlroutines
Generating XML output for group finiteelements
Generating XML output for group mechanics
Generating XML output for group Affordancestags
Generating XML output for group FEParameterTags
Generating XML output for group materials
Generating XML output for group Materialtags
Generating XML output for group io
Generating XML output for group resultevaluators
Generating XML output for group pythonbindings
Generating XML output for group solvers
Generating XML output for group observer
Generating XML output for group utils
Generating XML output for group tensor
Generating XML output for group algos
Generating XML output for group traits
Generating XML output for page md____w_ikarus_ikarus_repo_LICENSE
Generating XML output for page citelist
Generate XML output for dir /__w/ikarus/ikarus/repo/ikarus/assembler/
Generate XML output for dir /__w/ikarus/ikarus/repo/ikarus/python/assembler/
Generate XML output for dir /__w/ikarus/ikarus/repo/python/ikarus/assembler/
Generate XML output for dir /__w/ikarus/ikarus/repo/ikarus/python/basis/
Generate XML output for dir /__w/ikarus/ikarus/repo/ikarus/controlroutines/
Generate XML output for dir /__w/ikarus/ikarus/repo/ikarus/python/dirichletvalues/
Generate XML output for dir /__w/ikarus/ikarus/repo/docs/
Generate XML output for dir /__w/ikarus/ikarus/repo/docs/website/doxygen/
Generate XML output for dir /__w/ikarus/ikarus/repo/ikarus/utils/drawing/
Generate XML output for dir /__w/ikarus/ikarus/repo/ikarus/finiteelements/mechanics/eas/
Generate XML output for dir /__w/ikarus/ikarus/repo/python/ikarus/finite_elements/
Generate XML output for dir /__w/ikarus/ikarus/repo/ikarus/finiteelements/
Generate XML output for dir /__w/ikarus/ikarus/repo/ikarus/python/finiteelements/
Generate XML output for dir /__w/ikarus/ikarus/repo/ikarus/
Generate XML output for dir /__w/ikarus/ikarus/repo/python/ikarus/
Generate XML output for dir /__w/ikarus/ikarus/repo/ikarus/io/
Generate XML output for dir /__w/ikarus/ikarus/repo/ikarus/linearalgebra/
Generate XML output for dir /__w/ikarus/ikarus/repo/ikarus/solver/linearsolver/
Generate XML output for dir /__w/ikarus/ikarus/repo/ikarus/finiteelements/mechanics/loads/
Generate XML output for dir /__w/ikarus/ikarus/repo/ikarus/finiteelements/mechanics/materials/
Generate XML output for dir /__w/ikarus/ikarus/repo/ikarus/finiteelements/mechanics/
Generate XML output for dir /__w/ikarus/ikarus/repo/ikarus/solver/nonlinearsolver/
Generate XML output for dir /__w/ikarus/ikarus/repo/ikarus/utils/observer/
Generate XML output for dir /__w/ikarus/ikarus/repo/ikarus/python/
Generate XML output for dir /__w/ikarus/ikarus/repo/python/
Generate XML output for dir /__w/ikarus/ikarus/repo/ikarus/solver/
Generate XML output for dir /__w/ikarus/ikarus/repo/ikarus/python/utils/
Generate XML output for dir /__w/ikarus/ikarus/repo/ikarus/utils/
Generate XML output for dir /__w/ikarus/ikarus/repo/python/ikarus/utils/
Generate XML output for dir /__w/ikarus/ikarus/repo/docs/website/
Generating XML output for the main page
Running plantuml with JAVA...
Running dot...
Generating dot graphs using 5 parallel threads...
Running dot for graph 1/377
Running dot for graph 2/377
Running dot for graph 3/377
Running dot for graph 4/377
Running dot for graph 5/377
Running dot for graph 6/377
Running dot for graph 7/377
Running dot for graph 8/377
Running dot for graph 9/377
Running dot for graph 10/377
Running dot for graph 11/377
Running dot for graph 12/377
Running dot for graph 13/377
Running dot for graph 14/377
Running dot for graph 15/377
Running dot for graph 16/377
Running dot for graph 17/377
Running dot for graph 18/377
Running dot for graph 19/377
Running dot for graph 20/377
Running dot for graph 21/377
Running dot for graph 22/377
Running dot for graph 23/377
Running dot for graph 24/377
Running dot for graph 25/377
Running dot for graph 26/377
Running dot for graph 27/377
Running dot for graph 28/377
Running dot for graph 29/377
Running dot for graph 30/377
Running dot for graph 31/377
Running dot for graph 32/377
Running dot for graph 33/377
Running dot for graph 34/377
Running dot for graph 35/377
Running dot for graph 36/377
Running dot for graph 37/377
Running dot for graph 38/377
Running dot for graph 39/377
Running dot for graph 40/377
Running dot for graph 41/377
Running dot for graph 42/377
Running dot for graph 43/377
Running dot for graph 44/377
Running dot for graph 45/377
Running dot for graph 46/377
Running dot for graph 47/377
Running dot for graph 48/377
Running dot for graph 49/377
Running dot for graph 50/377
Running dot for graph 51/377
Running dot for graph 52/377
Running dot for graph 53/377
Running dot for graph 54/377
Running dot for graph 55/377
Running dot for graph 56/377
Running dot for graph 57/377
Running dot for graph 58/377
Running dot for graph 59/377
Running dot for graph 60/377
Running dot for graph 61/377
Running dot for graph 62/377
Running dot for graph 63/377
Running dot for graph 64/377
Running dot for graph 65/377
Running dot for graph 66/377
Running dot for graph 67/377
Running dot for graph 68/377
Running dot for graph 69/377
Running dot for graph 70/377
Running dot for graph 71/377
Running dot for graph 72/377
Running dot for graph 73/377
Running dot for graph 74/377
Running dot for graph 75/377
Running dot for graph 76/377
Running dot for graph 77/377
Running dot for graph 78/377
Running dot for graph 79/377
Running dot for graph 80/377
Running dot for graph 81/377
Running dot for graph 82/377
Running dot for graph 83/377
Running dot for graph 84/377
Running dot for graph 85/377
Running dot for graph 86/377
Running dot for graph 87/377
Running dot for graph 88/377
Running dot for graph 89/377
Running dot for graph 90/377
Running dot for graph 91/377
Running dot for graph 92/377
Running dot for graph 93/377
Running dot for graph 94/377
Running dot for graph 95/377
Running dot for graph 96/377
Running dot for graph 97/377
Running dot for graph 98/377
Running dot for graph 99/377
Running dot for graph 100/377
Running dot for graph 101/377
Running dot for graph 102/377
Running dot for graph 103/377
Running dot for graph 104/377
Running dot for graph 105/377
Running dot for graph 106/377
Running dot for graph 107/377
Running dot for graph 108/377
Running dot for graph 109/377
Running dot for graph 110/377
Running dot for graph 111/377
Running dot for graph 112/377
Running dot for graph 113/377
Running dot for graph 114/377
Running dot for graph 115/377
Running dot for graph 116/377
Running dot for graph 117/377
Running dot for graph 118/377
Running dot for graph 119/377
Running dot for graph 120/377
Running dot for graph 121/377
Running dot for graph 122/377
Running dot for graph 123/377
Running dot for graph 124/377
Running dot for graph 125/377
Running dot for graph 126/377
Running dot for graph 127/377
Running dot for graph 128/377
Running dot for graph 129/377
Running dot for graph 130/377
Running dot for graph 131/377
Running dot for graph 132/377
Running dot for graph 133/377
Running dot for graph 134/377
Running dot for graph 135/377
Running dot for graph 136/377
Running dot for graph 137/377
Running dot for graph 138/377
Running dot for graph 139/377
Running dot for graph 140/377
Running dot for graph 141/377
Running dot for graph 142/377
Running dot for graph 143/377
Running dot for graph 144/377
Running dot for graph 145/377
Running dot for graph 146/377
Running dot for graph 147/377
Running dot for graph 148/377
Running dot for graph 149/377
Running dot for graph 150/377
Running dot for graph 151/377
Running dot for graph 152/377
Running dot for graph 153/377
Running dot for graph 154/377
Running dot for graph 155/377
Running dot for graph 156/377
Running dot for graph 157/377
Running dot for graph 158/377
Running dot for graph 159/377
Running dot for graph 160/377
Running dot for graph 161/377
Running dot for graph 162/377
Running dot for graph 163/377
Running dot for graph 164/377
Running dot for graph 165/377
Running dot for graph 166/377
Running dot for graph 167/377
Running dot for graph 168/377
Running dot for graph 169/377
Running dot for graph 170/377
Running dot for graph 171/377
Running dot for graph 172/377
Running dot for graph 173/377
Running dot for graph 174/377
Running dot for graph 175/377
Running dot for graph 176/377
Running dot for graph 177/377
Running dot for graph 178/377
Running dot for graph 179/377
Running dot for graph 180/377
Running dot for graph 181/377
Running dot for graph 182/377
Running dot for graph 183/377
Running dot for graph 184/377
Running dot for graph 185/377
Running dot for graph 186/377
Running dot for graph 187/377
Running dot for graph 188/377
Running dot for graph 189/377
Running dot for graph 190/377
Running dot for graph 191/377
Running dot for graph 192/377
Running dot for graph 193/377
Running dot for graph 194/377
Running dot for graph 195/377
Running dot for graph 196/377
Running dot for graph 197/377
Running dot for graph 198/377
Running dot for graph 199/377
Running dot for graph 200/377
Running dot for graph 201/377
Running dot for graph 202/377
Running dot for graph 203/377
Running dot for graph 204/377
Running dot for graph 205/377
Running dot for graph 206/377
Running dot for graph 207/377
Running dot for graph 208/377
Running dot for graph 209/377
Running dot for graph 210/377
Running dot for graph 211/377
Running dot for graph 212/377
Running dot for graph 213/377
Running dot for graph 214/377
Running dot for graph 215/377
Running dot for graph 216/377
Running dot for graph 217/377
Running dot for graph 218/377
Running dot for graph 219/377
Running dot for graph 220/377
Running dot for graph 221/377
Running dot for graph 222/377
Running dot for graph 223/377
Running dot for graph 224/377
Running dot for graph 225/377
Running dot for graph 226/377
Running dot for graph 227/377
Running dot for graph 228/377
Running dot for graph 229/377
Running dot for graph 230/377
Running dot for graph 231/377
Running dot for graph 232/377
Running dot for graph 233/377
Running dot for graph 234/377
Running dot for graph 235/377
Running dot for graph 236/377
Running dot for graph 237/377
Running dot for graph 238/377
Running dot for graph 239/377
Running dot for graph 240/377
Running dot for graph 241/377
Running dot for graph 242/377
Running dot for graph 243/377
Running dot for graph 244/377
Running dot for graph 245/377
Running dot for graph 246/377
Running dot for graph 247/377
Running dot for graph 248/377
Running dot for graph 249/377
Running dot for graph 250/377
Running dot for graph 251/377
Running dot for graph 252/377
Running dot for graph 253/377
Running dot for graph 254/377
Running dot for graph 255/377
Running dot for graph 256/377
Running dot for graph 257/377
Running dot for graph 258/377
Running dot for graph 259/377
Running dot for graph 260/377
Running dot for graph 261/377
Running dot for graph 262/377
Running dot for graph 263/377
Running dot for graph 264/377
Running dot for graph 265/377
Running dot for graph 266/377
Running dot for graph 267/377
Running dot for graph 268/377
Running dot for graph 269/377
Running dot for graph 270/377
Running dot for graph 271/377
Running dot for graph 272/377
Running dot for graph 273/377
Running dot for graph 274/377
Running dot for graph 275/377
Running dot for graph 276/377
Running dot for graph 277/377
Running dot for graph 278/377
Running dot for graph 279/377
Running dot for graph 280/377
Running dot for graph 281/377
Running dot for graph 282/377
Running dot for graph 283/377
Running dot for graph 284/377
Running dot for graph 285/377
Running dot for graph 286/377
Running dot for graph 287/377
Running dot for graph 288/377
Running dot for graph 289/377
Running dot for graph 290/377
Running dot for graph 291/377
Running dot for graph 292/377
Running dot for graph 293/377
Running dot for graph 294/377
Running dot for graph 295/377
Running dot for graph 296/377
Running dot for graph 297/377
Running dot for graph 298/377
Running dot for graph 299/377
Running dot for graph 300/377
Running dot for graph 301/377
Running dot for graph 302/377
Running dot for graph 303/377
Running dot for graph 304/377
Running dot for graph 305/377
Running dot for graph 306/377
Running dot for graph 307/377
Running dot for graph 308/377
Running dot for graph 309/377
Running dot for graph 310/377
Running dot for graph 311/377
Running dot for graph 312/377
Running dot for graph 313/377
Running dot for graph 314/377
Running dot for graph 315/377
Running dot for graph 316/377
Running dot for graph 317/377
Running dot for graph 318/377
Running dot for graph 319/377
Running dot for graph 320/377
Running dot for graph 321/377
Running dot for graph 322/377
Running dot for graph 323/377
Running dot for graph 324/377
Running dot for graph 325/377
Running dot for graph 326/377
Running dot for graph 327/377
Running dot for graph 328/377
Running dot for graph 329/377
Running dot for graph 330/377
Running dot for graph 331/377
Running dot for graph 332/377
Running dot for graph 333/377
Running dot for graph 334/377
Running dot for graph 335/377
Running dot for graph 336/377
Running dot for graph 337/377
Running dot for graph 338/377
Running dot for graph 339/377
Running dot for graph 340/377
Running dot for graph 341/377
Running dot for graph 342/377
Running dot for graph 343/377
Running dot for graph 344/377
Running dot for graph 345/377
Running dot for graph 346/377
Running dot for graph 347/377
Running dot for graph 348/377
Running dot for graph 349/377
Running dot for graph 350/377
Running dot for graph 351/377
Running dot for graph 352/377
Running dot for graph 353/377
Running dot for graph 354/377
Running dot for graph 355/377
Running dot for graph 356/377
Running dot for graph 357/377
Running dot for graph 358/377
Running dot for graph 359/377
Running dot for graph 360/377
Running dot for graph 361/377
Running dot for graph 362/377
Running dot for graph 363/377
Running dot for graph 364/377
Running dot for graph 365/377
Running dot for graph 366/377
Running dot for graph 367/377
Running dot for graph 368/377
Running dot for graph 369/377
Running dot for graph 370/377
Running dot for graph 371/377
Running dot for graph 372/377
Running dot for graph 373/377
Running dot for graph 374/377
Running dot for graph 375/377
Running dot for graph 376/377
Running dot for graph 377/377
Patching output file 1/399
Patching output file 2/399
Patching output file 3/399
Patching output file 4/399
Patching output file 5/399
Patching output file 6/399
Patching output file 7/399
Patching output file 8/399
Patching output file 9/399
Patching output file 10/399
Patching output file 11/399
Patching output file 12/399
Patching output file 13/399
Patching output file 14/399
Patching output file 15/399
Patching output file 16/399
Patching output file 17/399
Patching output file 18/399
Patching output file 19/399
Patching output file 20/399
Patching output file 21/399
Patching output file 22/399
Patching output file 23/399
Patching output file 24/399
Patching output file 25/399
Patching output file 26/399
Patching output file 27/399
Patching output file 28/399
Patching output file 29/399
Patching output file 30/399
Patching output file 31/399
Patching output file 32/399
Patching output file 33/399
Patching output file 34/399
Patching output file 35/399
Patching output file 36/399
Patching output file 37/399
Patching output file 38/399
Patching output file 39/399
Patching output file 40/399
Patching output file 41/399
Patching output file 42/399
Patching output file 43/399
Patching output file 44/399
Patching output file 45/399
Patching output file 46/399
Patching output file 47/399
Patching output file 48/399
Patching output file 49/399
Patching output file 50/399
Patching output file 51/399
Patching output file 52/399
Patching output file 53/399
Patching output file 54/399
Patching output file 55/399
Patching output file 56/399
Patching output file 57/399
Patching output file 58/399
Patching output file 59/399
Patching output file 60/399
Patching output file 61/399
Patching output file 62/399
Patching output file 63/399
Patching output file 64/399
Patching output file 65/399
Patching output file 66/399
Patching output file 67/399
Patching output file 68/399
Patching output file 69/399
Patching output file 70/399
Patching output file 71/399
Patching output file 72/399
Patching output file 73/399
Patching output file 74/399
Patching output file 75/399
Patching output file 76/399
Patching output file 77/399
Patching output file 78/399
Patching output file 79/399
Patching output file 80/399
Patching output file 81/399
Patching output file 82/399
Patching output file 83/399
Patching output file 84/399
Patching output file 85/399
Patching output file 86/399
Patching output file 87/399
Patching output file 88/399
Patching output file 89/399
Patching output file 90/399
Patching output file 91/399
Patching output file 92/399
Patching output file 93/399
Patching output file 94/399
Patching output file 95/399
Patching output file 96/399
Patching output file 97/399
Patching output file 98/399
Patching output file 99/399
Patching output file 100/399
Patching output file 101/399
Patching output file 102/399
Patching output file 103/399
Patching output file 104/399
Patching output file 105/399
Patching output file 106/399
Patching output file 107/399
Patching output file 108/399
Patching output file 109/399
Patching output file 110/399
Patching output file 111/399
Patching output file 112/399
Patching output file 113/399
Patching output file 114/399
Patching output file 115/399
Patching output file 116/399
Patching output file 117/399
Patching output file 118/399
Patching output file 119/399
Patching output file 120/399
Patching output file 121/399
Patching output file 122/399
Patching output file 123/399
Patching output file 124/399
Patching output file 125/399
Patching output file 126/399
Patching output file 127/399
Patching output file 128/399
Patching output file 129/399
Patching output file 130/399
Patching output file 131/399
Patching output file 132/399
Patching output file 133/399
Patching output file 134/399
Patching output file 135/399
Patching output file 136/399
Patching output file 137/399
Patching output file 138/399
Patching output file 139/399
Patching output file 140/399
Patching output file 141/399
Patching output file 142/399
Patching output file 143/399
Patching output file 144/399
Patching output file 145/399
Patching output file 146/399
Patching output file 147/399
Patching output file 148/399
Patching output file 149/399
Patching output file 150/399
Patching output file 151/399
Patching output file 152/399
Patching output file 153/399
Patching output file 154/399
Patching output file 155/399
Patching output file 156/399
Patching output file 157/399
Patching output file 158/399
Patching output file 159/399
Patching output file 160/399
Patching output file 161/399
Patching output file 162/399
Patching output file 163/399
Patching output file 164/399
Patching output file 165/399
Patching output file 166/399
Patching output file 167/399
Patching output file 168/399
Patching output file 169/399
Patching output file 170/399
Patching output file 171/399
Patching output file 172/399
Patching output file 173/399
Patching output file 174/399
Patching output file 175/399
Patching output file 176/399
Patching output file 177/399
Patching output file 178/399
Patching output file 179/399
Patching output file 180/399
Patching output file 181/399
Patching output file 182/399
Patching output file 183/399
Patching output file 184/399
Patching output file 185/399
Patching output file 186/399
Patching output file 187/399
Patching output file 188/399
Patching output file 189/399
Patching output file 190/399
Patching output file 191/399
Patching output file 192/399
Patching output file 193/399
Patching output file 194/399
Patching output file 195/399
Patching output file 196/399
Patching output file 197/399
Patching output file 198/399
Patching output file 199/399
Patching output file 200/399
Patching output file 201/399
Patching output file 202/399
Patching output file 203/399
Patching output file 204/399
Patching output file 205/399
Patching output file 206/399
Patching output file 207/399
Patching output file 208/399
Patching output file 209/399
Patching output file 210/399
Patching output file 211/399
Patching output file 212/399
Patching output file 213/399
Patching output file 214/399
Patching output file 215/399
Patching output file 216/399
Patching output file 217/399
Patching output file 218/399
Patching output file 219/399
Patching output file 220/399
Patching output file 221/399
Patching output file 222/399
Patching output file 223/399
Patching output file 224/399
Patching output file 225/399
Patching output file 226/399
Patching output file 227/399
Patching output file 228/399
Patching output file 229/399
Patching output file 230/399
Patching output file 231/399
Patching output file 232/399
Patching output file 233/399
Patching output file 234/399
Patching output file 235/399
Patching output file 236/399
Patching output file 237/399
Patching output file 238/399
Patching output file 239/399
Patching output file 240/399
Patching output file 241/399
Patching output file 242/399
Patching output file 243/399
Patching output file 244/399
Patching output file 245/399
Patching output file 246/399
Patching output file 247/399
Patching output file 248/399
Patching output file 249/399
Patching output file 250/399
Patching output file 251/399
Patching output file 252/399
Patching output file 253/399
Patching output file 254/399
Patching output file 255/399
Patching output file 256/399
Patching output file 257/399
Patching output file 258/399
Patching output file 259/399
Patching output file 260/399
Patching output file 261/399
Patching output file 262/399
Patching output file 263/399
Patching output file 264/399
Patching output file 265/399
Patching output file 266/399
Patching output file 267/399
Patching output file 268/399
Patching output file 269/399
Patching output file 270/399
Patching output file 271/399
Patching output file 272/399
Patching output file 273/399
Patching output file 274/399
Patching output file 275/399
Patching output file 276/399
Patching output file 277/399
Patching output file 278/399
Patching output file 279/399
Patching output file 280/399
Patching output file 281/399
Patching output file 282/399
Patching output file 283/399
Patching output file 284/399
Patching output file 285/399
Patching output file 286/399
Patching output file 287/399
Patching output file 288/399
Patching output file 289/399
Patching output file 290/399
Patching output file 291/399
Patching output file 292/399
Patching output file 293/399
Patching output file 294/399
Patching output file 295/399
Patching output file 296/399
Patching output file 297/399
Patching output file 298/399
Patching output file 299/399
Patching output file 300/399
Patching output file 301/399
Patching output file 302/399
Patching output file 303/399
Patching output file 304/399
Patching output file 305/399
Patching output file 306/399
Patching output file 307/399
Patching output file 308/399
Patching output file 309/399
Patching output file 310/399
Patching output file 311/399
Patching output file 312/399
Patching output file 313/399
Patching output file 314/399
Patching output file 315/399
Patching output file 316/399
Patching output file 317/399
Patching output file 318/399
Patching output file 319/399
Patching output file 320/399
Patching output file 321/399
Patching output file 322/399
Patching output file 323/399
Patching output file 324/399
Patching output file 325/399
Patching output file 326/399
Patching output file 327/399
Patching output file 328/399
Patching output file 329/399
Patching output file 330/399
Patching output file 331/399
Patching output file 332/399
Patching output file 333/399
Patching output file 334/399
Patching output file 335/399
Patching output file 336/399
Patching output file 337/399
Patching output file 338/399
Patching output file 339/399
Patching output file 340/399
Patching output file 341/399
Patching output file 342/399
Patching output file 343/399
Patching output file 344/399
Patching output file 345/399
Patching output file 346/399
Patching output file 347/399
Patching output file 348/399
Patching output file 349/399
Patching output file 350/399
Patching output file 351/399
Patching output file 352/399
Patching output file 353/399
Patching output file 354/399
Patching output file 355/399
Patching output file 356/399
Patching output file 357/399
Patching output file 358/399
Patching output file 359/399
Patching output file 360/399
Patching output file 361/399
Patching output file 362/399
Patching output file 363/399
Patching output file 364/399
Patching output file 365/399
Patching output file 366/399
Patching output file 367/399
Patching output file 368/399
Patching output file 369/399
Patching output file 370/399
Patching output file 371/399
Patching output file 372/399
Patching output file 373/399
Patching output file 374/399
Patching output file 375/399
Patching output file 376/399
Patching output file 377/399
Patching output file 378/399
Patching output file 379/399
Patching output file 380/399
Patching output file 381/399
Patching output file 382/399
Patching output file 383/399
Patching output file 384/399
Patching output file 385/399
Patching output file 386/399
Patching output file 387/399
Patching output file 388/399
Patching output file 389/399
Patching output file 390/399
Patching output file 391/399
Patching output file 392/399
Patching output file 393/399
Patching output file 394/399
Patching output file 395/399
Patching output file 396/399
Patching output file 397/399
Patching output file 398/399
Patching output file 399/399
lookup cache used 4292/65536 hits=42701 misses=4801
finished...
Exiting...
