warning: ignoring unsupported tag 'HTML_COLORSTYLE' at line 281, file Doxyfile
warning: ignoring unsupported tag 'HTML_COLORSTYLE' at line 311, file Doxyfile
warning: ignoring unsupported tag 'PROJECT_ICON' at line 316, file Doxyfile
Doxygen version used: 1.9.4
Searching for include files...
Searching for files in directory /__w/ikarus/ikarus/repo/
Searching for files in directory /__w/ikarus/ikarus/repo/ikarus/utils/
Searching for example files...
Searching for images...
Searching for files in directory /__w/ikarus/ikarus/repo/docs/website/auxiliaryImages
Searching for files in directory /__w/ikarus/ikarus/repo/docs/website/auxiliaryImages/Installation
Searching for files in directory /__w/ikarus/ikarus/repo/docs/website/auxiliaryImages/builddocumentationlocally
Searching for dot files...
Searching for msc files...
Searching for dia files...
Searching for files to exclude
Searching for files in directory /__w/ikarus/ikarus/repo/tests
Searching for files in directory /__w/ikarus/ikarus/repo/tests/src
Searching for files in directory /__w/ikarus/ikarus/repo/tests/src/testfiles
Searching for files in directory /__w/ikarus/ikarus/repo/ikarus/python/test
Searching INPUT for files to process...
Searching for files in directory /__w/ikarus/ikarus/repo/ikarus
Searching for files in directory /__w/ikarus/ikarus/repo/ikarus/finiteelements
Searching for files in directory /__w/ikarus/ikarus/repo/ikarus/finiteelements/febases
Searching for files in directory /__w/ikarus/ikarus/repo/ikarus/finiteelements/mechanics
Searching for files in directory /__w/ikarus/ikarus/repo/ikarus/finiteelements/mechanics/materials
Searching for files in directory /__w/ikarus/ikarus/repo/ikarus/io
Searching for files in directory /__w/ikarus/ikarus/repo/ikarus/assembler
Searching for files in directory /__w/ikarus/ikarus/repo/ikarus/linearalgebra
Searching for files in directory /__w/ikarus/ikarus/repo/ikarus/python
Searching for files in directory /__w/ikarus/ikarus/repo/ikarus/python/basis
Searching for files in directory /__w/ikarus/ikarus/repo/ikarus/python/test
Searching for files in directory /__w/ikarus/ikarus/repo/ikarus/python/finiteelements
Searching for files in directory /__w/ikarus/ikarus/repo/ikarus/python/finiteelements/materials
Searching for files in directory /__w/ikarus/ikarus/repo/ikarus/python/assembler
Searching for files in directory /__w/ikarus/ikarus/repo/ikarus/python/utils
Searching for files in directory /__w/ikarus/ikarus/repo/ikarus/python/dirichletvalues
Searching for files in directory /__w/ikarus/ikarus/repo/ikarus/utils
Searching for files in directory /__w/ikarus/ikarus/repo/ikarus/utils/observer
Searching for files in directory /__w/ikarus/ikarus/repo/ikarus/utils/drawing
Searching for files in directory /__w/ikarus/ikarus/repo/ikarus/solver
Searching for files in directory /__w/ikarus/ikarus/repo/ikarus/solver/nonlinearsolver
Searching for files in directory /__w/ikarus/ikarus/repo/ikarus/solver/linearsolver
Searching for files in directory /__w/ikarus/ikarus/repo/ikarus/controlroutines
Searching for files in directory /__w/ikarus/ikarus/repo/python
Searching for files in directory /__w/ikarus/ikarus/repo/python/ikarus
Searching for files in directory /__w/ikarus/ikarus/repo/python/ikarus/assembler
Searching for files in directory /__w/ikarus/ikarus/repo/python/ikarus/utils
Searching for files in directory /__w/ikarus/ikarus/repo/python/ikarus/finite_elements
Reading and parsing tag files
Parsing files
Preprocessing /__w/ikarus/ikarus/repo/ikarus/assembler/simpleassemblers.hh...
Parsing file /__w/ikarus/ikarus/repo/ikarus/assembler/simpleassemblers.hh...
Preprocessing /__w/ikarus/ikarus/repo/ikarus/assembler/simpleassemblers.inl...
Parsing file /__w/ikarus/ikarus/repo/ikarus/assembler/simpleassemblers.inl...
Preprocessing /__w/ikarus/ikarus/repo/ikarus/controlroutines/adaptivestepsizing.hh...
Parsing file /__w/ikarus/ikarus/repo/ikarus/controlroutines/adaptivestepsizing.hh...
Preprocessing /__w/ikarus/ikarus/repo/ikarus/controlroutines/controlinfos.hh...
Parsing file /__w/ikarus/ikarus/repo/ikarus/controlroutines/controlinfos.hh...
Preprocessing /__w/ikarus/ikarus/repo/ikarus/controlroutines/loadcontrol.hh...
Parsing file /__w/ikarus/ikarus/repo/ikarus/controlroutines/loadcontrol.hh...
Preprocessing /__w/ikarus/ikarus/repo/ikarus/controlroutines/loadcontrol.inl...
Parsing file /__w/ikarus/ikarus/repo/ikarus/controlroutines/loadcontrol.inl...
Preprocessing /__w/ikarus/ikarus/repo/ikarus/controlroutines/pathfollowing.hh...
Parsing file /__w/ikarus/ikarus/repo/ikarus/controlroutines/pathfollowing.hh...
Preprocessing /__w/ikarus/ikarus/repo/ikarus/controlroutines/pathfollowing.inl...
Parsing file /__w/ikarus/ikarus/repo/ikarus/controlroutines/pathfollowing.inl...
Preprocessing /__w/ikarus/ikarus/repo/ikarus/controlroutines/pathfollowingfunctions.hh...
Parsing file /__w/ikarus/ikarus/repo/ikarus/controlroutines/pathfollowingfunctions.hh...
Preprocessing /__w/ikarus/ikarus/repo/ikarus/finiteelements/febases/autodifffe.hh...
Parsing file /__w/ikarus/ikarus/repo/ikarus/finiteelements/febases/autodifffe.hh...
Preprocessing /__w/ikarus/ikarus/repo/ikarus/finiteelements/febases/powerbasisfe.hh...
Parsing file /__w/ikarus/ikarus/repo/ikarus/finiteelements/febases/powerbasisfe.hh...
Preprocessing /__w/ikarus/ikarus/repo/ikarus/finiteelements/febases/scalarfe.hh...
Parsing file /__w/ikarus/ikarus/repo/ikarus/finiteelements/febases/scalarfe.hh...
Preprocessing /__w/ikarus/ikarus/repo/ikarus/finiteelements/fehelper.hh...
Parsing file /__w/ikarus/ikarus/repo/ikarus/finiteelements/fehelper.hh...
Preprocessing /__w/ikarus/ikarus/repo/ikarus/finiteelements/ferequirements.hh...
Parsing file /__w/ikarus/ikarus/repo/ikarus/finiteelements/ferequirements.hh...
Preprocessing /__w/ikarus/ikarus/repo/ikarus/finiteelements/fetraits.hh...
Parsing file /__w/ikarus/ikarus/repo/ikarus/finiteelements/fetraits.hh...
Preprocessing /__w/ikarus/ikarus/repo/ikarus/finiteelements/mechanics/enhancedassumedstrains.hh...
Parsing file /__w/ikarus/ikarus/repo/ikarus/finiteelements/mechanics/enhancedassumedstrains.hh...
Preprocessing /__w/ikarus/ikarus/repo/ikarus/finiteelements/mechanics/kirchhoffloveshell.hh...
Parsing file /__w/ikarus/ikarus/repo/ikarus/finiteelements/mechanics/kirchhoffloveshell.hh...
Preprocessing /__w/ikarus/ikarus/repo/ikarus/finiteelements/mechanics/linearelastic.hh...
Parsing file /__w/ikarus/ikarus/repo/ikarus/finiteelements/mechanics/linearelastic.hh...
Preprocessing /__w/ikarus/ikarus/repo/ikarus/finiteelements/mechanics/materials.hh...
Parsing file /__w/ikarus/ikarus/repo/ikarus/finiteelements/mechanics/materials.hh...
Preprocessing /__w/ikarus/ikarus/repo/ikarus/finiteelements/mechanics/materials/interface.hh...
Parsing file /__w/ikarus/ikarus/repo/ikarus/finiteelements/mechanics/materials/interface.hh...
Preprocessing /__w/ikarus/ikarus/repo/ikarus/finiteelements/mechanics/materials/linearelasticity.hh...
Parsing file /__w/ikarus/ikarus/repo/ikarus/finiteelements/mechanics/materials/linearelasticity.hh...
Preprocessing /__w/ikarus/ikarus/repo/ikarus/finiteelements/mechanics/materials/neohooke.hh...
Parsing file /__w/ikarus/ikarus/repo/ikarus/finiteelements/mechanics/materials/neohooke.hh...
Preprocessing /__w/ikarus/ikarus/repo/ikarus/finiteelements/mechanics/materials/strainconversions.hh...
Parsing file /__w/ikarus/ikarus/repo/ikarus/finiteelements/mechanics/materials/strainconversions.hh...
Preprocessing /__w/ikarus/ikarus/repo/ikarus/finiteelements/mechanics/materials/svk.hh...
Parsing file /__w/ikarus/ikarus/repo/ikarus/finiteelements/mechanics/materials/svk.hh...
Preprocessing /__w/ikarus/ikarus/repo/ikarus/finiteelements/mechanics/materials/tags.hh...
Parsing file /__w/ikarus/ikarus/repo/ikarus/finiteelements/mechanics/materials/tags.hh...
Preprocessing /__w/ikarus/ikarus/repo/ikarus/finiteelements/mechanics/materials/vanishingstress.hh...
Parsing file /__w/ikarus/ikarus/repo/ikarus/finiteelements/mechanics/materials/vanishingstress.hh...
Preprocessing /__w/ikarus/ikarus/repo/ikarus/finiteelements/mechanics/membranestrains.hh...
Parsing file /__w/ikarus/ikarus/repo/ikarus/finiteelements/mechanics/membranestrains.hh...
Preprocessing /__w/ikarus/ikarus/repo/ikarus/finiteelements/mechanics/nonlinearelastic.hh...
Parsing file /__w/ikarus/ikarus/repo/ikarus/finiteelements/mechanics/nonlinearelastic.hh...
Preprocessing /__w/ikarus/ikarus/repo/ikarus/finiteelements/physicshelper.hh...
Parsing file /__w/ikarus/ikarus/repo/ikarus/finiteelements/physicshelper.hh...
Preprocessing /__w/ikarus/ikarus/repo/ikarus/io/resultevaluators.hh...
Parsing file /__w/ikarus/ikarus/repo/ikarus/io/resultevaluators.hh...
Preprocessing /__w/ikarus/ikarus/repo/ikarus/io/resultfunction.hh...
Parsing file /__w/ikarus/ikarus/repo/ikarus/io/resultfunction.hh...
Preprocessing /__w/ikarus/ikarus/repo/ikarus/linearalgebra/truncatedconjugategradient.hh...
Parsing file /__w/ikarus/ikarus/repo/ikarus/linearalgebra/truncatedconjugategradient.hh...
Preprocessing /__w/ikarus/ikarus/repo/ikarus/python/assembler/flatassembler.hh...
Parsing file /__w/ikarus/ikarus/repo/ikarus/python/assembler/flatassembler.hh...
Preprocessing /__w/ikarus/ikarus/repo/ikarus/python/basis/basis.hh...
Parsing file /__w/ikarus/ikarus/repo/ikarus/python/basis/basis.hh...
Preprocessing /__w/ikarus/ikarus/repo/ikarus/python/dirichletvalues/dirichletvalues.hh...
Parsing file /__w/ikarus/ikarus/repo/ikarus/python/dirichletvalues/dirichletvalues.hh...
Preprocessing /__w/ikarus/ikarus/repo/ikarus/python/finiteelements/kirchhoffloveshell.hh...
Parsing file /__w/ikarus/ikarus/repo/ikarus/python/finiteelements/kirchhoffloveshell.hh...
Preprocessing /__w/ikarus/ikarus/repo/ikarus/python/finiteelements/linearelastic.hh...
Parsing file /__w/ikarus/ikarus/repo/ikarus/python/finiteelements/linearelastic.hh...
Preprocessing /__w/ikarus/ikarus/repo/ikarus/python/finiteelements/materials/material.hh...
Parsing file /__w/ikarus/ikarus/repo/ikarus/python/finiteelements/materials/material.hh...
Preprocessing /__w/ikarus/ikarus/repo/ikarus/python/finiteelements/nonlinearelastic.hh...
Parsing file /__w/ikarus/ikarus/repo/ikarus/python/finiteelements/nonlinearelastic.hh...
Preprocessing /__w/ikarus/ikarus/repo/ikarus/python/finiteelements/registerelement.hh...
Parsing file /__w/ikarus/ikarus/repo/ikarus/python/finiteelements/registerelement.hh...
Preprocessing /__w/ikarus/ikarus/repo/ikarus/python/utils/boundarypatch.hh...
Parsing file /__w/ikarus/ikarus/repo/ikarus/python/utils/boundarypatch.hh...
Preprocessing /__w/ikarus/ikarus/repo/ikarus/solver/linearsolver/linearsolver.hh...
Parsing file /__w/ikarus/ikarus/repo/ikarus/solver/linearsolver/linearsolver.hh...
Preprocessing /__w/ikarus/ikarus/repo/ikarus/solver/nonlinearsolver/newtonraphson.hh...
Parsing file /__w/ikarus/ikarus/repo/ikarus/solver/nonlinearsolver/newtonraphson.hh...
Preprocessing /__w/ikarus/ikarus/repo/ikarus/solver/nonlinearsolver/newtonraphsonwithscalarsubsidiaryfunction.hh...
Parsing file /__w/ikarus/ikarus/repo/ikarus/solver/nonlinearsolver/newtonraphsonwithscalarsubsidiaryfunction.hh...
Preprocessing /__w/ikarus/ikarus/repo/ikarus/solver/nonlinearsolver/solverinfos.hh...
Parsing file /__w/ikarus/ikarus/repo/ikarus/solver/nonlinearsolver/solverinfos.hh...
Preprocessing /__w/ikarus/ikarus/repo/ikarus/solver/nonlinearsolver/trustregion.hh...
Parsing file /__w/ikarus/ikarus/repo/ikarus/solver/nonlinearsolver/trustregion.hh...
Preprocessing /__w/ikarus/ikarus/repo/ikarus/utils/algorithms.hh...
Parsing file /__w/ikarus/ikarus/repo/ikarus/utils/algorithms.hh...
Preprocessing /__w/ikarus/ikarus/repo/ikarus/utils/autodiffhelper.hh...
Parsing file /__w/ikarus/ikarus/repo/ikarus/utils/autodiffhelper.hh...
Preprocessing /__w/ikarus/ikarus/repo/ikarus/utils/basis.hh...
Parsing file /__w/ikarus/ikarus/repo/ikarus/utils/basis.hh...
Preprocessing /__w/ikarus/ikarus/repo/ikarus/utils/concepts.hh...
Parsing file /__w/ikarus/ikarus/repo/ikarus/utils/concepts.hh...
Preprocessing /__w/ikarus/ikarus/repo/ikarus/utils/defaultfunctions.hh...
Parsing file /__w/ikarus/ikarus/repo/ikarus/utils/defaultfunctions.hh...
Preprocessing /__w/ikarus/ikarus/repo/ikarus/utils/dirichletvalues.hh...
Parsing file /__w/ikarus/ikarus/repo/ikarus/utils/dirichletvalues.hh...
Preprocessing /__w/ikarus/ikarus/repo/ikarus/utils/drawing/griddrawer.hh...
Parsing file /__w/ikarus/ikarus/repo/ikarus/utils/drawing/griddrawer.hh...
Preprocessing /__w/ikarus/ikarus/repo/ikarus/utils/drawing/matplothelper.hh...
Parsing file /__w/ikarus/ikarus/repo/ikarus/utils/drawing/matplothelper.hh...
Preprocessing /__w/ikarus/ikarus/repo/ikarus/utils/eigendunetransformations.hh...
Parsing file /__w/ikarus/ikarus/repo/ikarus/utils/eigendunetransformations.hh...
Preprocessing /__w/ikarus/ikarus/repo/ikarus/utils/eigensparseaddon.hh...
Parsing file /__w/ikarus/ikarus/repo/ikarus/utils/eigensparseaddon.hh...
Preprocessing /__w/ikarus/ikarus/repo/ikarus/utils/findlinesegment.hh...
Parsing file /__w/ikarus/ikarus/repo/ikarus/utils/findlinesegment.hh...
Preprocessing /__w/ikarus/ikarus/repo/ikarus/utils/flatprebasis.hh...
Parsing file /__w/ikarus/ikarus/repo/ikarus/utils/flatprebasis.hh...
Preprocessing /__w/ikarus/ikarus/repo/ikarus/utils/functionhelper.hh...
Parsing file /__w/ikarus/ikarus/repo/ikarus/utils/functionhelper.hh...
Preprocessing /__w/ikarus/ikarus/repo/ikarus/utils/functionsanitychecks.hh...
Parsing file /__w/ikarus/ikarus/repo/ikarus/utils/functionsanitychecks.hh...
Preprocessing /__w/ikarus/ikarus/repo/ikarus/utils/init.hh...
Parsing file /__w/ikarus/ikarus/repo/ikarus/utils/init.hh...
Preprocessing /__w/ikarus/ikarus/repo/ikarus/utils/linearalgebrahelper.hh...
Parsing file /__w/ikarus/ikarus/repo/ikarus/utils/linearalgebrahelper.hh...
Preprocessing /__w/ikarus/ikarus/repo/ikarus/utils/makeenum.hh...
Parsing file /__w/ikarus/ikarus/repo/ikarus/utils/makeenum.hh...
Preprocessing /__w/ikarus/ikarus/repo/ikarus/utils/math.hh...
Parsing file /__w/ikarus/ikarus/repo/ikarus/utils/math.hh...
Preprocessing /__w/ikarus/ikarus/repo/ikarus/utils/nonlinearoperator.hh...
Parsing file /__w/ikarus/ikarus/repo/ikarus/utils/nonlinearoperator.hh...
Preprocessing /__w/ikarus/ikarus/repo/ikarus/utils/observer/controllogger.hh...
Parsing file /__w/ikarus/ikarus/repo/ikarus/utils/observer/controllogger.hh...
Preprocessing /__w/ikarus/ikarus/repo/ikarus/utils/observer/controlvtkwriter.hh...
Parsing file /__w/ikarus/ikarus/repo/ikarus/utils/observer/controlvtkwriter.hh...
Preprocessing /__w/ikarus/ikarus/repo/ikarus/utils/observer/genericobserver.hh...
Parsing file /__w/ikarus/ikarus/repo/ikarus/utils/observer/genericobserver.hh...
Preprocessing /__w/ikarus/ikarus/repo/ikarus/utils/observer/nonlinearsolverlogger.hh...
Parsing file /__w/ikarus/ikarus/repo/ikarus/utils/observer/nonlinearsolverlogger.hh...
Preprocessing /__w/ikarus/ikarus/repo/ikarus/utils/observer/observer.hh...
Parsing file /__w/ikarus/ikarus/repo/ikarus/utils/observer/observer.hh...
Preprocessing /__w/ikarus/ikarus/repo/ikarus/utils/observer/observermessages.hh...
Parsing file /__w/ikarus/ikarus/repo/ikarus/utils/observer/observermessages.hh...
Preprocessing /__w/ikarus/ikarus/repo/ikarus/utils/polyfit.hh...
Parsing file /__w/ikarus/ikarus/repo/ikarus/utils/polyfit.hh...
Preprocessing /__w/ikarus/ikarus/repo/ikarus/utils/pythonautodiffdefinitions.hh...
Parsing file /__w/ikarus/ikarus/repo/ikarus/utils/pythonautodiffdefinitions.hh...
Preprocessing /__w/ikarus/ikarus/repo/ikarus/utils/tensorutils.hh...
Parsing file /__w/ikarus/ikarus/repo/ikarus/utils/tensorutils.hh...
Preprocessing /__w/ikarus/ikarus/repo/ikarus/utils/traits.hh...
Parsing file /__w/ikarus/ikarus/repo/ikarus/utils/traits.hh...
Reading /__w/ikarus/ikarus/repo/python/ikarus/__init__.py...
Parsing file /__w/ikarus/ikarus/repo/python/ikarus/__init__.py...
Preprocessing /__w/ikarus/ikarus/repo/python/ikarus/_ikarus.cc...
Parsing file /__w/ikarus/ikarus/repo/python/ikarus/_ikarus.cc...
Reading /__w/ikarus/ikarus/repo/python/ikarus/assembler/__init__.py...
Parsing file /__w/ikarus/ikarus/repo/python/ikarus/assembler/__init__.py...
Reading /__w/ikarus/ikarus/repo/python/ikarus/basis.py...
Parsing file /__w/ikarus/ikarus/repo/python/ikarus/basis.py...
Reading /__w/ikarus/ikarus/repo/python/ikarus/dirichlet_values.py...
Parsing file /__w/ikarus/ikarus/repo/python/ikarus/dirichlet_values.py...
Reading /__w/ikarus/ikarus/repo/python/ikarus/finite_elements/__init__.py...
Parsing file /__w/ikarus/ikarus/repo/python/ikarus/finite_elements/__init__.py...
Reading /__w/ikarus/ikarus/repo/python/ikarus/generator.py...
Parsing file /__w/ikarus/ikarus/repo/python/ikarus/generator.py...
Reading /__w/ikarus/ikarus/repo/python/ikarus/utils/__init__.py...
Parsing file /__w/ikarus/ikarus/repo/python/ikarus/utils/__init__.py...
Reading /__w/ikarus/ikarus/repo/LICENSE.md...
Reading /__w/ikarus/ikarus/repo/docs/website/doxygen/mainpage.md...
Preprocessing /__w/ikarus/ikarus/repo/docs/website/doxygen/modules.hh...
Parsing file /__w/ikarus/ikarus/repo/docs/website/doxygen/modules.hh...
Building macro definition list...
Building group list...
Building directory list...
Building namespace list...
Building file list...
Building class list...
Building concept list...
Computing nesting relations for classes...
Associating documentation with classes...
Associating documentation with concepts...
Building example list...
Searching for enumerations...
Searching for documented typedefs...
Searching for members imported via using declarations...
Searching for included using directives...
Searching for documented variables...
Building interface member list...
Building member list...
Searching for friends...
Searching for documented defines...
Computing class inheritance relations...
Computing class usage relations...
Flushing cached template relations that have become invalid...
Computing class relations...
Add enum values to enums...
Searching for member function documentation...
Creating members for template instances...
Building page list...
Search for main page...
Computing page relations...
Determining the scope of groups...
Sorting lists...
Determining which enums are documented
Computing member relations...
Building full member lists recursively...
Adding members to member groups.
Computing member references...
Inheriting documentation...
Generating disk names...
Adding source references...
Adding xrefitems...
Sorting member lists...
Setting anonymous enum type...
Computing dependencies between directories...
Generating citations page...
Counting members...
Counting data structures...
Resolving user defined references...
Finding anchors and sections in the documentation...
Transferring function references...
Combining using relations...
Adding members to index pages...
Correcting members for VHDL...
Computing tooltip texts...
Generating style sheet...
Generating search indices...
Generating example documentation...
Generating file sources...
Parsing code for file mainpage.md...
Generating code for file modules.hh...
Generating code for file simpleassemblers.hh...
Parsing code for file simpleassemblers.inl...
Generating code for file adaptivestepsizing.hh...
Generating code for file controlinfos.hh...
Generating code for file loadcontrol.hh...
Parsing code for file loadcontrol.inl...
Generating code for file pathfollowing.hh...
Parsing code for file pathfollowing.inl...
Generating code for file pathfollowingfunctions.hh...
Generating code for file autodifffe.hh...
Generating code for file powerbasisfe.hh...
Generating code for file scalarfe.hh...
Generating code for file fehelper.hh...
Generating code for file ferequirements.hh...
Generating code for file fetraits.hh...
Generating code for file enhancedassumedstrains.hh...
Generating code for file kirchhoffloveshell.hh...
Generating code for file kirchhoffloveshell.hh...
Generating code for file linearelastic.hh...
Generating code for file linearelastic.hh...
Generating code for file materials.hh...
Generating code for file interface.hh...
Generating code for file linearelasticity.hh...
Generating code for file neohooke.hh...
Generating code for file strainconversions.hh...
Generating code for file svk.hh...
Generating code for file tags.hh...
Generating code for file vanishingstress.hh...
Generating code for file membranestrains.hh...
Generating code for file nonlinearelastic.hh...
Generating code for file nonlinearelastic.hh...
Generating code for file physicshelper.hh...
Generating code for file resultevaluators.hh...
Generating code for file resultfunction.hh...
Generating code for file truncatedconjugategradient.hh...
Generating code for file flatassembler.hh...
Generating code for file basis.hh...
Generating code for file basis.hh...
Generating code for file dirichletvalues.hh...
Generating code for file dirichletvalues.hh...
Generating code for file material.hh...
Generating code for file registerelement.hh...
Generating code for file boundarypatch.hh...
Generating code for file linearsolver.hh...
Generating code for file newtonraphson.hh...
Generating code for file newtonraphsonwithscalarsubsidiaryfunction.hh...
Generating code for file solverinfos.hh...
Generating code for file trustregion.hh...
Generating code for file algorithms.hh...
Generating code for file autodiffhelper.hh...
Generating code for file concepts.hh...
Generating code for file defaultfunctions.hh...
Generating code for file griddrawer.hh...
Generating code for file matplothelper.hh...
Generating code for file eigendunetransformations.hh...
Generating code for file eigensparseaddon.hh...
Generating code for file findlinesegment.hh...
Generating code for file flatprebasis.hh...
Generating code for file functionhelper.hh...
Generating code for file functionsanitychecks.hh...
Generating code for file init.hh...
Generating code for file linearalgebrahelper.hh...
Generating code for file makeenum.hh...
Generating code for file math.hh...
Generating code for file nonlinearoperator.hh...
Generating code for file controllogger.hh...
Generating code for file controlvtkwriter.hh...
Generating code for file genericobserver.hh...
Generating code for file nonlinearsolverlogger.hh...
Generating code for file observer.hh...
Generating code for file observermessages.hh...
Generating code for file polyfit.hh...
Generating code for file pythonautodiffdefinitions.hh...
Generating code for file tensorutils.hh...
Generating code for file traits.hh...
Parsing code for file LICENSE.md...
Parsing code for file _ikarus.cc...
Parsing code for file __init__.py...
Parsing code for file __init__.py...
Parsing code for file __init__.py...
Parsing code for file __init__.py...
Parsing code for file basis.py...
Parsing code for file dirichlet_values.py...
Parsing code for file generator.py...
Generating file documentation...
Generating docs for file mainpage.md...
Generating docs for file modules.hh...
Generating docs for file simpleassemblers.hh...
Generating docs for file simpleassemblers.inl...
Generating docs for file adaptivestepsizing.hh...
Generating docs for file controlinfos.hh...
Generating docs for file loadcontrol.hh...
Generating docs for file loadcontrol.inl...
Generating docs for file pathfollowing.hh...
Generating docs for file pathfollowing.inl...
Generating docs for file pathfollowingfunctions.hh...
Generating docs for file autodifffe.hh...
Generating docs for file powerbasisfe.hh...
Generating docs for file scalarfe.hh...
Generating docs for file fehelper.hh...
Generating docs for file ferequirements.hh...
Generating docs for file fetraits.hh...
Generating docs for file enhancedassumedstrains.hh...
Generating docs for file kirchhoffloveshell.hh...
Generating docs for file kirchhoffloveshell.hh...
Generating docs for file linearelastic.hh...
Generating docs for file linearelastic.hh...
Generating docs for file materials.hh...
Generating docs for file interface.hh...
Generating docs for file linearelasticity.hh...
Generating docs for file neohooke.hh...
Generating docs for file strainconversions.hh...
Generating docs for file svk.hh...
Generating docs for file tags.hh...
Generating docs for file vanishingstress.hh...
Generating docs for file membranestrains.hh...
Generating docs for file nonlinearelastic.hh...
Generating docs for file nonlinearelastic.hh...
Generating docs for file physicshelper.hh...
Generating docs for file resultevaluators.hh...
Generating docs for file resultfunction.hh...
Generating docs for file truncatedconjugategradient.hh...
Generating docs for file flatassembler.hh...
Generating docs for file basis.hh...
Generating docs for file basis.hh...
Generating docs for file dirichletvalues.hh...
Generating docs for file dirichletvalues.hh...
Generating docs for file material.hh...
Generating docs for file registerelement.hh...
Generating docs for file boundarypatch.hh...
Generating docs for file linearsolver.hh...
Generating docs for file newtonraphson.hh...
Generating docs for file newtonraphsonwithscalarsubsidiaryfunction.hh...
Generating docs for file solverinfos.hh...
Generating docs for file trustregion.hh...
Generating docs for file algorithms.hh...
Generating docs for file autodiffhelper.hh...
Generating docs for file concepts.hh...
Generating docs for file defaultfunctions.hh...
Generating docs for file griddrawer.hh...
Generating docs for file matplothelper.hh...
Generating docs for file eigendunetransformations.hh...
Generating docs for file eigensparseaddon.hh...
Generating docs for file findlinesegment.hh...
Generating docs for file flatprebasis.hh...
Generating docs for file functionhelper.hh...
Generating docs for file functionsanitychecks.hh...
Generating docs for file init.hh...
Generating docs for file linearalgebrahelper.hh...
Generating docs for file makeenum.hh...
Generating docs for file math.hh...
Generating docs for file nonlinearoperator.hh...
Generating docs for file controllogger.hh...
Generating docs for file controlvtkwriter.hh...
Generating docs for file genericobserver.hh...
Generating docs for file nonlinearsolverlogger.hh...
Generating docs for file observer.hh...
Generating docs for file observermessages.hh...
Generating docs for file polyfit.hh...
Generating docs for file pythonautodiffdefinitions.hh...
Generating docs for file tensorutils.hh...
Generating docs for file traits.hh...
Generating docs for file LICENSE.md...
Generating docs for file _ikarus.cc...
Generating docs for file __init__.py...
Generating docs for file __init__.py...
Generating docs for file __init__.py...
Generating docs for file __init__.py...
Generating docs for file basis.py...
Generating docs for file dirichlet_values.py...
Generating docs for file generator.py...
Generating page documentation...
Generating docs for page md____w_ikarus_ikarus_repo_LICENSE...
Generating docs for page deprecated...
Generating docs for page citelist...
Generating group documentation...
Generating dependency graph for group group_main
Generating dependency graph for group assembler
Generating dependency graph for group controlroutines
Generating dependency graph for group finiteelements
Generating dependency graph for group mechanics
Generating dependency graph for group Affordancestags
Generating dependency graph for group FEParameterTags
Generating dependency graph for group materials
Generating dependency graph for group Materialtags
Generating dependency graph for group io
Generating dependency graph for group resultevaluators
Generating dependency graph for group pythonbindings
Generating caller graph for function Ikarus::Python::registerElement
Generating dependency graph for group solvers
Generating dependency graph for group observer
Generating dependency graph for group utils
Generating caller graph for function Ikarus::correctionSize
Generating caller graph for function Ikarus::increment
Generating caller graph for function Ikarus::removeCol
Generating caller graph for function Ikarus::skew
Generating caller graph for function Ikarus::staticCondensation
Generating caller graph for function Ikarus::valueSize
Generating caller graph for function Ikarus::viewAsEigenMatrixAsDynFixed
Generating caller graph for function Ikarus::viewAsFlatEigenVector
Generating dependency graph for group tensor
Generating caller graph for function Ikarus::dyadic
Generating caller graph for function Ikarus::fourthOrderIKJL
Generating caller graph for function Ikarus::fromVoigt
Generating caller graph for function Ikarus::identityFourthOrder
Generating caller graph for function Ikarus::symmetricIdentityFourthOrder
Generating caller graph for function Ikarus::symTwoSlots
Generating caller graph for function Ikarus::tensorView
Generating caller graph for function Ikarus::toVoigt
Generating dependency graph for group algos
Generating caller graph for function Ikarus::utils::count_if
Generating caller graph for function Ikarus::utils::find_if
Generating caller graph for function Ikarus::utils::none_of
Generating caller graph for function Ikarus::utils::unique
Generating dependency graph for group traits
Generating class documentation...
Generating docs for compound ValueWrapper...
Generating concept documentation...
Generating namespace index...
Generating docs for namespace Dune
Generating docs for compound Dune::FieldVector...
Generating docs for namespace Eigen
Generating docs for compound Eigen::EigenBase...
Generating docs for compound Eigen::TCGInfo...
Generating docs for compound Eigen::TruncatedConjugateGradient...
Generating docs for namespace Eigen::internal
Generating caller graph for function Eigen::internal::truncated_conjugate_gradient
Generating docs for compound Eigen::internal::traits< TruncatedConjugateGradient< MatrixType_, UpLo, Preconditioner_ > >...
Generating docs for namespace Ikarus
Generating caller graph for function Ikarus::convertLameConstants
Generating caller graph for function Ikarus::ct_sqrt
Generating caller graph for function Ikarus::init
Generating caller graph for function Ikarus::linearElasticMaterialTangent3D
Generating caller graph for function Ikarus::makeVanishingStress
Generating caller graph for function Ikarus::planeStressLinearElasticMaterialTangent
Generating caller graph for function Ikarus::toString
Generating caller graph for function Ikarus::transpose
Generating docs for compound Ikarus::AffordanceCollectionImpl...
Generating docs for compound Ikarus::AlgoInfo...
Generating docs for compound Ikarus::ArcLength...
Generating docs for compound Ikarus::AutoDiffFE...
Generating docs for compound Ikarus::Basis...
Generating caller graph for function Ikarus::Basis::flat
Generating caller graph for function Ikarus::Basis::untouched
Generating docs for compound Ikarus::BulkModulusAndLamesFirstParameter...
Generating docs for compound Ikarus::ControlInformation...
Generating docs for compound Ikarus::ControlLogger...
Generating docs for compound Ikarus::ControlSubsamplingVertexVTKWriter...
Generating docs for compound Ikarus::ConvertLameConstants...
Generating docs for compound Ikarus::DefaultMembraneStrain...
Generating caller graph for function Ikarus::DefaultMembraneStrain::derivative
Generating caller graph for function Ikarus::DefaultMembraneStrain::secondDerivative
Generating caller graph for function Ikarus::DefaultMembraneStrain::value
Generating docs for compound Ikarus::DenseFlatAssembler...
Generating docs for compound Ikarus::DirichletValues...
Generating caller graph for function Ikarus::DirichletValues::fixBoundaryDOFs
Generating docs for compound Ikarus::DisplacementControl...
Generating docs for compound Ikarus::EASH1E21...
Generating docs for compound Ikarus::EASH1E9...
Generating docs for compound Ikarus::EASQ1E4...
Generating docs for compound Ikarus::EASQ1E5...
Generating docs for compound Ikarus::EASQ1E7...
Generating docs for compound Ikarus::EnhancedAssumedStrains...
Generating caller graph for function Ikarus::EnhancedAssumedStrains::isDisplacementBased
Generating docs for compound Ikarus::FErequirements...
Generating docs for compound Ikarus::FERequirements...
Generating caller graph for function Ikarus::FERequirements::addAffordance
Generating caller graph for function Ikarus::FERequirements::getGlobalSolution
Generating caller graph for function Ikarus::FERequirements::getParameter
Generating caller graph for function Ikarus::FERequirements::insertGlobalSolution
Generating caller graph for function Ikarus::FERequirements::insertParameter
Generating docs for compound Ikarus::FETraits...
Generating docs for compound Ikarus::FlatAssemblerBase...
Generating docs for compound Ikarus::FlatIndexMergingStrategy...
Generating docs for compound Ikarus::FlatIndexMergingStrategy< Dune::Functions::BasisFactory::BlockedInterleaved >...
Generating docs for compound Ikarus::FlatIndexMergingStrategy< Dune::Functions::BasisFactory::BlockedLexicographic >...
Generating docs for compound Ikarus::FlatPreBasis...
Generating caller graph for function Ikarus::FlatPreBasis::create
Generating docs for compound Ikarus::FlatPreBasis< Dune::Functions::CompositePreBasis< IMS, SPB... > >...
Generating docs for compound Ikarus::FlatPreBasis< Dune::Functions::PowerPreBasis< IMS, SPB, C > >...
Generating docs for compound Ikarus::GenericObserver...
Generating docs for compound Ikarus::IkarusInstance...
Generating docs for compound Ikarus::IObservable...
Generating docs for compound Ikarus::IObserver...
Generating caller graph for function Ikarus::IObserver::updateImpl
Generating docs for compound Ikarus::KirchhoffLoveShell...
Generating caller graph for function Ikarus::KirchhoffLoveShell::bopBending
Generating caller graph for function Ikarus::KirchhoffLoveShell::computeMaterialAndStrains
Generating caller graph for function Ikarus::KirchhoffLoveShell::displacementFunction
Generating caller graph for function Ikarus::KirchhoffLoveShell::kgBending
Generating caller graph for function Ikarus::KirchhoffLoveShell::materialTangent
Generating docs for nested compound Ikarus::KirchhoffLoveShell::KinematicVariables...
Generating docs for compound Ikarus::LamesFirstParameterAndShearModulus...
Generating docs for compound Ikarus::LinearElastic...
Generating caller graph for function Ikarus::LinearElastic::displacementFunction
Generating caller graph for function Ikarus::LinearElastic::materialTangent
Generating caller graph for function Ikarus::LinearElastic::strainFunction
Generating docs for compound Ikarus::LinearElasticityT...
Generating caller graph for function Ikarus::LinearElasticityT::storedEnergyImpl
Generating docs for compound Ikarus::LinearSolverTemplate...
Generating caller graph for function Ikarus::LinearSolverTemplate::LinearSolverTemplate
Generating caller graph for function Ikarus::LinearSolverTemplate::analyzePattern
Generating caller graph for function Ikarus::LinearSolverTemplate::compute
Generating caller graph for function Ikarus::LinearSolverTemplate::factorize
Generating caller graph for function Ikarus::LinearSolverTemplate::solve
Generating docs for compound Ikarus::LoadControl...
Generating docs for compound Ikarus::LoadControlSubsidiaryFunction...
Generating docs for compound Ikarus::Material...
Generating caller graph for function Ikarus::Material::impl
Generating docs for compound Ikarus::NeoHookeT...
Generating docs for compound Ikarus::NewtonRaphson...
Generating docs for compound Ikarus::NewtonRaphsonSettings...
Generating docs for compound Ikarus::NewtonRaphsonWithSubsidiaryFunction...
Generating docs for compound Ikarus::NewtonRaphsonWithSubsidiaryFunctionSettings...
Generating docs for compound Ikarus::NonLinearElastic...
Generating caller graph for function Ikarus::NonLinearElastic::displacementFunction
Generating caller graph for function Ikarus::NonLinearElastic::getInternalEnergy
Generating caller graph for function Ikarus::NonLinearElastic::getStress
Generating caller graph for function Ikarus::NonLinearElastic::materialTangent
Generating caller graph for function Ikarus::NonLinearElastic::strainFunction
Generating docs for compound Ikarus::NonLinearOperator...
Generating docs for compound Ikarus::NonLinearSolverInformation...
Generating docs for compound Ikarus::NonLinearSolverLogger...
Generating docs for compound Ikarus::PathFollowing...
Generating docs for compound Ikarus::PowerBasisFE...
Generating docs for compound Ikarus::ResultFunction...
Generating docs for compound Ikarus::ResultRequirements...
Generating caller graph for function Ikarus::ResultRequirements::getFERequirements
Generating caller graph for function Ikarus::ResultRequirements::isResultRequested
Generating docs for compound Ikarus::ResultTypeMap...
Generating caller graph for function Ikarus::ResultTypeMap::getResult
Generating caller graph for function Ikarus::ResultTypeMap::getSingleResult
Generating caller graph for function Ikarus::ResultTypeMap::insertOrAssignResult
Generating docs for compound Ikarus::ScalarAssembler...
Generating docs for compound Ikarus::ScalarFieldFE...
Generating docs for compound Ikarus::SparseFlatAssembler...
Generating docs for compound Ikarus::Stats...
Generating docs for compound Ikarus::StVenantKirchhoffT...
Generating docs for compound Ikarus::SubsidiaryArgs...
Generating docs for compound Ikarus::TraitsFromLocalView...
Generating docs for compound Ikarus::TrustRegion...
Generating docs for compound Ikarus::TrustRegionSettings...
Generating docs for compound Ikarus::VanishingStress...
Generating docs for compound Ikarus::VectorFlatAssembler...
Generating docs for compound Ikarus::YoungsModulusAndBulkModulus...
Generating docs for compound Ikarus::YoungsModulusAndLamesFirstParameter...
Generating docs for compound Ikarus::YoungsModulusAndPoissonsRatio...
Generating docs for compound Ikarus::YoungsModulusAndShearModulus...
Generating docs for concept Ikarus::FEAffordance...
Generating docs for concept Ikarus::ResultTypeConcept...
Generating docs for concept Ikarus::CorrectStrainSize...
Generating docs for concept Ikarus::MaterialParameterTuple...
Generating docs for namespace ikarus
Generating docs for namespace Ikarus::AdaptiveStepSizing
Generating docs for compound Ikarus::AdaptiveStepSizing::IterationBased...
Generating caller graph for function Ikarus::AdaptiveStepSizing::IterationBased::targetIterations
Generating docs for compound Ikarus::AdaptiveStepSizing::NoOp...
Generating docs for namespace Ikarus::AffordanceCollections
Generating docs for namespace ikarus::assembler
Generating docs for namespace ikarus::basis
Generating caller graph for function ikarus.basis.basis
Generating docs for namespace Ikarus::Concepts
Generating docs for concept Ikarus::Concepts::FlatInterLeavedBasis...
Generating docs for concept Ikarus::Concepts::LagrangeNode...
Generating docs for concept Ikarus::Concepts::LagrangeNodeOfOrder...
Generating docs for concept Ikarus::Concepts::FlatLexicographicBasis...
Generating docs for concept Ikarus::Concepts::FlatIndexBasis...
Generating docs for concept Ikarus::Concepts::BlockedInterLeavedBasis...
Generating docs for concept Ikarus::Concepts::BlockedLexicographicBasis...
Generating docs for concept Ikarus::Concepts::DuneLocalBasis...
Generating docs for concept Ikarus::Concepts::BlockedIndexBasis...
Generating docs for concept Ikarus::Concepts::PowerBasis...
Generating docs for concept Ikarus::Concepts::PathFollowingStrategy...
Generating docs for concept Ikarus::Concepts::AdaptiveStepSizingStrategy...
Generating docs for concept Ikarus::Concepts::LinearSolverCheck...
Generating docs for concept Ikarus::Concepts::NonLinearSolverCheckForPathFollowing...
Generating docs for concept Ikarus::Concepts::MultiplyAble...
Generating docs for concept Ikarus::Concepts::AddAble...
Generating docs for concept Ikarus::Concepts::SubstractAble...
Generating docs for concept Ikarus::Concepts::MultiplyAssignAble...
Generating docs for concept Ikarus::Concepts::DivideAssignAble...
Generating docs for concept Ikarus::Concepts::AddAssignAble...
Generating docs for concept Ikarus::Concepts::SubstractAssignAble...
Generating docs for concept Ikarus::Concepts::DivideAble...
Generating docs for concept Ikarus::Concepts::NegateAble...
Generating docs for concept Ikarus::Concepts::TransposeAble...
Generating docs for concept Ikarus::Concepts::IsFunctorWithArgs...
Generating docs for concept Ikarus::Concepts::EigenVector...
Generating docs for concept Ikarus::Concepts::IsMaterial...
Generating docs for namespace ikarus::dirichlet_values
Generating caller graph for function ikarus.dirichlet_values.dirichletValues
Generating docs for namespace Ikarus::FEHelper
Generating docs for namespace ikarus::finite_elements
Generating caller graph for function ikarus.finite_elements.elementConstructorDecoratorFactory
Generating caller graph for function ikarus.finite_elements.KirchhoffLoveShell
Generating caller graph for function ikarus.finite_elements.NonLinearElastic
Generating docs for namespace ikarus::generator
Generating docs for namespace Ikarus::plot
Generating docs for namespace Ikarus::Python
Generating docs for namespace Ikarus::ResultEvaluators
Generating docs for compound Ikarus::ResultEvaluators::PrincipalStress...
Generating docs for compound Ikarus::ResultEvaluators::VonMises...
Generating docs for namespace Ikarus::traits
Generating docs for compound Ikarus::traits::FunctionTraits...
Generating docs for compound Ikarus::traits::hasType...
Generating docs for compound Ikarus::traits::Index...
Generating docs for compound Ikarus::traits::is_tuple< std::tuple< T... > >...
Generating docs for compound Ikarus::traits::isSpecialization< U, U< T... > >...
Generating docs for compound Ikarus::traits::isSpecializationNonTypeAndTypes< Type, Type< T, N... > >...
Generating docs for compound Ikarus::traits::isSpecializationNonTypes< Type, Type< N... > >...
Generating docs for compound Ikarus::traits::isSpecializationTypeNonTypeAndType< Type, Type< T, M, N > >...
Generating docs for compound Ikarus::traits::Rebind...
Generating docs for concept Ikarus::traits::Pointer...
Generating docs for namespace Ikarus::utils
Generating docs for compound Ikarus::utils::CheckFlags...
Generating docs for compound Ikarus::utils::LoadDefault...
Generating docs for compound Ikarus::utils::SolverDefault...
Generating docs for compound Ikarus::utils::UpdateDefault...
Generating docs for namespace ikarus::utils
Generating docs for namespace Python
Generating docs for compound Python::Conversion< autodiff::Real< order, T > >...
Generating graph info page...
Generating directory documentation...
Generating dependency graph for directory assembler
Generating dependency graph for directory assembler
Generating dependency graph for directory assembler
Generating dependency graph for directory basis
Generating dependency graph for directory controlroutines
Generating dependency graph for directory dirichletvalues
Generating dependency graph for directory doxygen
Generating dependency graph for directory drawing
Generating dependency graph for directory febases
Generating dependency graph for directory finite_elements
Generating dependency graph for directory finiteelements
Generating dependency graph for directory finiteelements
Generating dependency graph for directory ikarus
Generating dependency graph for directory ikarus
Generating dependency graph for directory io
Generating dependency graph for directory linearalgebra
Generating dependency graph for directory linearsolver
Generating dependency graph for directory materials
Generating dependency graph for directory materials
Generating dependency graph for directory mechanics
Generating dependency graph for directory nonlinearsolver
Generating dependency graph for directory observer
Generating dependency graph for directory python
Generating dependency graph for directory python
Generating dependency graph for directory solver
Generating dependency graph for directory utils
Generating dependency graph for directory utils
Generating dependency graph for directory utils
Generating dependency graph for directory website
Generating index page...
Generating page index...
Generating module index...
Generating namespace index...
Generating namespace member index...
Generating concept index...
Generating annotated compound index...
Generating alphabetical compound index...
Generating hierarchical class index...
Generating member index...
Generating file index...
Generating file member index...
Generating example index...
finalizing index lists...
writing tag file...
Generating XML output...
Generating XML output for class Ikarus::AffordanceCollectionImpl
Generating XML output for class Ikarus::AlgoInfo
Generating XML output for class Ikarus::ArcLength
Generating XML output for class Ikarus::AutoDiffFE
Generating XML output for class Ikarus::Basis
Generating XML output for class Ikarus::BulkModulusAndLamesFirstParameter
Generating XML output for class Ikarus::utils::CheckFlags
Generating XML output for class Ikarus::ControlInformation
Generating XML output for class Ikarus::ControlLogger
Generating XML output for class Ikarus::ControlSubsamplingVertexVTKWriter
Generating XML output for class Python::Conversion< autodiff::Real< order, T > >
Generating XML output for class Ikarus::ConvertLameConstants
Generating XML output for class Ikarus::DefaultMembraneStrain
Generating XML output for class Ikarus::DenseFlatAssembler
Generating XML output for class Ikarus::DirichletValues::DirichletFunctions
Generating XML output for class Ikarus::DirichletValues
Generating XML output for class Ikarus::DisplacementControl
Generating XML output for class Ikarus::EASH1E21
Generating XML output for class Ikarus::EASH1E9
Generating XML output for class Ikarus::EASQ1E4
Generating XML output for class Ikarus::EASQ1E5
Generating XML output for class Ikarus::EASQ1E7
Generating XML output for class Eigen::EigenBase
Generating XML output for class Ikarus::EnhancedAssumedStrains
Generating XML output for class Ikarus::FERequirements
Generating XML output for class Ikarus::FErequirements
Generating XML output for class Ikarus::FETraits
Generating XML output for class Dune::FieldVector
Generating XML output for class Ikarus::FlatAssemblerBase
Generating XML output for class Ikarus::FlatIndexMergingStrategy
Generating XML output for class Ikarus::FlatIndexMergingStrategy< Dune::Functions::BasisFactory::BlockedInterleaved >
Generating XML output for class Ikarus::FlatIndexMergingStrategy< Dune::Functions::BasisFactory::BlockedLexicographic >
Generating XML output for class Ikarus::FlatPreBasis
Generating XML output for class Ikarus::FlatPreBasis< Dune::Functions::CompositePreBasis< IMS, SPB... > >
Generating XML output for class Ikarus::FlatPreBasis< Dune::Functions::PowerPreBasis< IMS, SPB, C > >
Generating XML output for class Ikarus::traits::FunctionTraits
Generating XML output for class Ikarus::GenericObserver
Generating XML output for class Ikarus::traits::hasType
Generating XML output for class Ikarus::IkarusInstance
Generating XML output for class Ikarus::traits::Index
Generating XML output for class Ikarus::IObservable
Generating XML output for class Ikarus::IObserver
Generating XML output for class Ikarus::traits::is_tuple< std::tuple< T... > >
Generating XML output for class Ikarus::traits::isSpecialization< U, U< T... > >
Generating XML output for class Ikarus::traits::isSpecializationNonTypeAndTypes< Type, Type< T, N... > >
Generating XML output for class Ikarus::traits::isSpecializationNonTypes< Type, Type< N... > >
Generating XML output for class Ikarus::traits::isSpecializationTypeNonTypeAndType< Type, Type< T, M, N > >
Generating XML output for class Ikarus::AdaptiveStepSizing::IterationBased
Generating XML output for class Ikarus::KirchhoffLoveShell::KinematicVariables
Generating XML output for class Ikarus::KirchhoffLoveShell
Generating XML output for class Ikarus::LamesFirstParameterAndShearModulus
Generating XML output for class Ikarus::LinearElastic
Generating XML output for class Ikarus::LinearElasticityT
Generating XML output for class Ikarus::LinearSolverTemplate
Generating XML output for class Ikarus::LoadControl
Generating XML output for class Ikarus::LoadControlSubsidiaryFunction
Generating XML output for class Ikarus::utils::LoadDefault
Generating XML output for class Ikarus::Material
Generating XML output for class Ikarus::NeoHookeT
Generating XML output for class Ikarus::NewtonRaphson
Generating XML output for class Ikarus::NewtonRaphsonSettings
Generating XML output for class Ikarus::NewtonRaphsonWithSubsidiaryFunction
Generating XML output for class Ikarus::NewtonRaphsonWithSubsidiaryFunctionSettings
Generating XML output for class Ikarus::NonLinearElastic
Generating XML output for class Ikarus::NonLinearOperator
Generating XML output for class Ikarus::NonLinearSolverInformation
Generating XML output for class Ikarus::NonLinearSolverLogger
Generating XML output for class Ikarus::AdaptiveStepSizing::NoOp
Generating XML output for class Ikarus::PathFollowing
Generating XML output for class Ikarus::PowerBasisFE
Generating XML output for class Ikarus::ResultEvaluators::PrincipalStress
Generating XML output for class Ikarus::traits::Rebind
Generating XML output for class Ikarus::ResultFunction
Generating XML output for class Ikarus::ResultRequirements
Generating XML output for class Ikarus::ResultTypeMap
Generating XML output for class Ikarus::ScalarAssembler
Generating XML output for class Ikarus::ScalarFieldFE
Generating XML output for class Ikarus::LinearSolverTemplate::SolverBase
Generating XML output for class Ikarus::utils::SolverDefault
Generating XML output for class Ikarus::LinearSolverTemplate::SolverImpl
Generating XML output for class Ikarus::SparseFlatAssembler
Generating XML output for class Ikarus::Stats
Generating XML output for class Ikarus::StVenantKirchhoffT
Generating XML output for class Ikarus::SubsidiaryArgs
Generating XML output for class Eigen::TCGInfo
Generating XML output for class Eigen::internal::traits< TruncatedConjugateGradient< MatrixType_, UpLo, Preconditioner_ > >
Generating XML output for class Ikarus::TraitsFromLocalView
Generating XML output for class Eigen::TruncatedConjugateGradient
Generating XML output for class Ikarus::TrustRegion
Generating XML output for class Ikarus::TrustRegionSettings
Generating XML output for class Ikarus::utils::UpdateDefault
Generating XML output for class ValueWrapper
Generating XML output for class Ikarus::VanishingStress
Generating XML output for class Ikarus::VectorFlatAssembler
Generating XML output for class Ikarus::ResultEvaluators::VonMises
Generating XML output for class Ikarus::YoungsModulusAndBulkModulus
Generating XML output for class Ikarus::YoungsModulusAndLamesFirstParameter
Generating XML output for class Ikarus::YoungsModulusAndPoissonsRatio
Generating XML output for class Ikarus::YoungsModulusAndShearModulus
Generating XML output for concept Ikarus::Concepts::AdaptiveStepSizingStrategy
Generating XML output for concept Ikarus::Concepts::AddAble
Generating XML output for concept Ikarus::Concepts::AddAssignAble
Generating XML output for concept Ikarus::Concepts::BlockedIndexBasis
Generating XML output for concept Ikarus::Concepts::BlockedInterLeavedBasis
Generating XML output for concept Ikarus::Concepts::BlockedLexicographicBasis
Generating XML output for concept Ikarus::Concepts::DivideAble
Generating XML output for concept Ikarus::Concepts::DivideAssignAble
Generating XML output for concept Ikarus::Concepts::DuneLocalBasis
Generating XML output for concept Ikarus::Concepts::EigenVector
Generating XML output for concept Ikarus::Concepts::FlatIndexBasis
Generating XML output for concept Ikarus::Concepts::FlatInterLeavedBasis
Generating XML output for concept Ikarus::Concepts::FlatLexicographicBasis
Generating XML output for concept Ikarus::Concepts::IsFunctorWithArgs
Generating XML output for concept Ikarus::Concepts::IsMaterial
Generating XML output for concept Ikarus::Concepts::LagrangeNode
Generating XML output for concept Ikarus::Concepts::LagrangeNodeOfOrder
Generating XML output for concept Ikarus::Concepts::LinearSolverCheck
Generating XML output for concept Ikarus::Concepts::MultiplyAble
Generating XML output for concept Ikarus::Concepts::MultiplyAssignAble
Generating XML output for concept Ikarus::Concepts::NegateAble
Generating XML output for concept Ikarus::Concepts::NonLinearSolverCheckForPathFollowing
Generating XML output for concept Ikarus::Concepts::PathFollowingStrategy
Generating XML output for concept Ikarus::Concepts::PowerBasis
Generating XML output for concept Ikarus::Concepts::SubstractAble
Generating XML output for concept Ikarus::Concepts::SubstractAssignAble
Generating XML output for concept Ikarus::Concepts::TransposeAble
Generating XML output for concept Ikarus::CorrectStrainSize
Generating XML output for concept Ikarus::FEAffordance
Generating XML output for concept Ikarus::MaterialParameterTuple
Generating XML output for concept Ikarus::ResultTypeConcept
Generating XML output for concept Ikarus::traits::Pointer
Generating XML output for namespace _ikarus
Generating XML output for namespace Dune
Generating XML output for namespace Eigen
Generating XML output for namespace Eigen::internal
Generating XML output for namespace Ikarus
Generating XML output for namespace ikarus
Generating XML output for namespace Ikarus::AdaptiveStepSizing
Generating XML output for namespace Ikarus::AffordanceCollections
Generating XML output for namespace ikarus::assembler
Generating XML output for namespace ikarus::basis
Generating XML output for namespace Ikarus::Concepts
Generating XML output for namespace Ikarus::Concepts::Impl
Generating XML output for namespace ikarus::dirichlet_values
Generating XML output for namespace Ikarus::FEHelper
Generating XML output for namespace ikarus::finite_elements
Generating XML output for namespace ikarus::generator
Generating XML output for namespace Ikarus::Impl
Generating XML output for namespace Ikarus::plot
Generating XML output for namespace Ikarus::Python
Generating XML output for namespace Ikarus::ResultEvaluators
Generating XML output for namespace Ikarus::traits
Generating XML output for namespace Ikarus::utils
Generating XML output for namespace ikarus::utils
Generating XML output for namespace Ikarus::utils::Impl
Generating XML output for namespace Python
Generating XML output for namespace std
Generating XML output for file mainpage.md
Generating XML output for file modules.hh
Generating XML output for file simpleassemblers.hh
Generating XML output for file simpleassemblers.inl
Generating XML output for file adaptivestepsizing.hh
Generating XML output for file controlinfos.hh
Generating XML output for file loadcontrol.hh
Generating XML output for file loadcontrol.inl
Generating XML output for file pathfollowing.hh
Generating XML output for file pathfollowing.inl
Generating XML output for file pathfollowingfunctions.hh
Generating XML output for file autodifffe.hh
Generating XML output for file powerbasisfe.hh
Generating XML output for file scalarfe.hh
Generating XML output for file fehelper.hh
Generating XML output for file ferequirements.hh
Generating XML output for file fetraits.hh
Generating XML output for file enhancedassumedstrains.hh
Generating XML output for file finiteelements/mechanics/kirchhoffloveshell.hh
Generating XML output for file python/finiteelements/kirchhoffloveshell.hh
Generating XML output for file finiteelements/mechanics/linearelastic.hh
Generating XML output for file python/finiteelements/linearelastic.hh
Generating XML output for file materials.hh
Generating XML output for file interface.hh
Generating XML output for file linearelasticity.hh
Generating XML output for file neohooke.hh
Generating XML output for file strainconversions.hh
Generating XML output for file svk.hh
Generating XML output for file tags.hh
Generating XML output for file vanishingstress.hh
Generating XML output for file membranestrains.hh
Generating XML output for file finiteelements/mechanics/nonlinearelastic.hh
Generating XML output for file python/finiteelements/nonlinearelastic.hh
Generating XML output for file physicshelper.hh
Generating XML output for file resultevaluators.hh
Generating XML output for file resultfunction.hh
Generating XML output for file truncatedconjugategradient.hh
Generating XML output for file flatassembler.hh
Generating XML output for file python/basis/basis.hh
Generating XML output for file utils/basis.hh
Generating XML output for file python/dirichletvalues/dirichletvalues.hh
Generating XML output for file utils/dirichletvalues.hh
Generating XML output for file material.hh
Generating XML output for file registerelement.hh
Generating XML output for file boundarypatch.hh
Generating XML output for file linearsolver.hh
Generating XML output for file newtonraphson.hh
Generating XML output for file newtonraphsonwithscalarsubsidiaryfunction.hh
Generating XML output for file solverinfos.hh
Generating XML output for file trustregion.hh
Generating XML output for file algorithms.hh
Generating XML output for file autodiffhelper.hh
Generating XML output for file concepts.hh
Generating XML output for file defaultfunctions.hh
Generating XML output for file griddrawer.hh
Generating XML output for file matplothelper.hh
Generating XML output for file eigendunetransformations.hh
Generating XML output for file eigensparseaddon.hh
Generating XML output for file findlinesegment.hh
Generating XML output for file flatprebasis.hh
Generating XML output for file functionhelper.hh
Generating XML output for file functionsanitychecks.hh
Generating XML output for file init.hh
Generating XML output for file linearalgebrahelper.hh
Generating XML output for file makeenum.hh
Generating XML output for file math.hh
Generating XML output for file nonlinearoperator.hh
Generating XML output for file controllogger.hh
Generating XML output for file controlvtkwriter.hh
Generating XML output for file genericobserver.hh
Generating XML output for file nonlinearsolverlogger.hh
Generating XML output for file observer.hh
Generating XML output for file observermessages.hh
Generating XML output for file polyfit.hh
Generating XML output for file pythonautodiffdefinitions.hh
Generating XML output for file tensorutils.hh
Generating XML output for file traits.hh
Generating XML output for file LICENSE.md
Generating XML output for file _ikarus.cc
Generating XML output for file __init__.py
Generating XML output for file assembler/__init__.py
Generating XML output for file finite_elements/__init__.py
Generating XML output for file utils/__init__.py
Generating XML output for file basis.py
Generating XML output for file dirichlet_values.py
Generating XML output for file generator.py
Generating XML output for group group_main
Generating XML output for group assembler
Generating XML output for group controlroutines
Generating XML output for group finiteelements
Generating XML output for group mechanics
Generating XML output for group Affordancestags
Generating XML output for group FEParameterTags
Generating XML output for group materials
Generating XML output for group Materialtags
Generating XML output for group io
Generating XML output for group resultevaluators
Generating XML output for group pythonbindings
Generating XML output for group solvers
Generating XML output for group observer
Generating XML output for group utils
Generating XML output for group tensor
Generating XML output for group algos
Generating XML output for group traits
Generating XML output for page md____w_ikarus_ikarus_repo_LICENSE
Generating XML output for page deprecated
Generating XML output for page citelist
Generate XML output for dir /__w/ikarus/ikarus/repo/ikarus/assembler/
Generate XML output for dir /__w/ikarus/ikarus/repo/ikarus/python/assembler/
Generate XML output for dir /__w/ikarus/ikarus/repo/python/ikarus/assembler/
Generate XML output for dir /__w/ikarus/ikarus/repo/ikarus/python/basis/
Generate XML output for dir /__w/ikarus/ikarus/repo/ikarus/controlroutines/
Generate XML output for dir /__w/ikarus/ikarus/repo/ikarus/python/dirichletvalues/
Generate XML output for dir /__w/ikarus/ikarus/repo/docs/
Generate XML output for dir /__w/ikarus/ikarus/repo/docs/website/doxygen/
Generate XML output for dir /__w/ikarus/ikarus/repo/ikarus/utils/drawing/
Generate XML output for dir /__w/ikarus/ikarus/repo/ikarus/finiteelements/febases/
Generate XML output for dir /__w/ikarus/ikarus/repo/python/ikarus/finite_elements/
Generate XML output for dir /__w/ikarus/ikarus/repo/ikarus/finiteelements/
Generate XML output for dir /__w/ikarus/ikarus/repo/ikarus/python/finiteelements/
Generate XML output for dir /__w/ikarus/ikarus/repo/ikarus/
Generate XML output for dir /__w/ikarus/ikarus/repo/python/ikarus/
Generate XML output for dir /__w/ikarus/ikarus/repo/ikarus/io/
Generate XML output for dir /__w/ikarus/ikarus/repo/ikarus/linearalgebra/
Generate XML output for dir /__w/ikarus/ikarus/repo/ikarus/solver/linearsolver/
Generate XML output for dir /__w/ikarus/ikarus/repo/ikarus/finiteelements/mechanics/materials/
Generate XML output for dir /__w/ikarus/ikarus/repo/ikarus/python/finiteelements/materials/
Generate XML output for dir /__w/ikarus/ikarus/repo/ikarus/finiteelements/mechanics/
Generate XML output for dir /__w/ikarus/ikarus/repo/ikarus/solver/nonlinearsolver/
Generate XML output for dir /__w/ikarus/ikarus/repo/ikarus/utils/observer/
Generate XML output for dir /__w/ikarus/ikarus/repo/ikarus/python/
Generate XML output for dir /__w/ikarus/ikarus/repo/python/
Generate XML output for dir /__w/ikarus/ikarus/repo/ikarus/solver/
Generate XML output for dir /__w/ikarus/ikarus/repo/ikarus/python/utils/
Generate XML output for dir /__w/ikarus/ikarus/repo/ikarus/utils/
Generate XML output for dir /__w/ikarus/ikarus/repo/python/ikarus/utils/
Generate XML output for dir /__w/ikarus/ikarus/repo/docs/website/
Generating XML output for the main page
Running plantuml with JAVA...
Running dot...
Generating dot graphs using 5 parallel threads...
Running dot for graph 1/325
Running dot for graph 2/325
Running dot for graph 3/325
Running dot for graph 4/325
Running dot for graph 5/325
Running dot for graph 6/325
Running dot for graph 7/325
Running dot for graph 8/325
Running dot for graph 9/325
Running dot for graph 10/325
Running dot for graph 11/325
Running dot for graph 12/325
Running dot for graph 13/325
Running dot for graph 14/325
Running dot for graph 15/325
Running dot for graph 16/325
Running dot for graph 17/325
Running dot for graph 18/325
Running dot for graph 19/325
Running dot for graph 20/325
Running dot for graph 21/325
Running dot for graph 22/325
Running dot for graph 23/325
Running dot for graph 24/325
Running dot for graph 25/325
Running dot for graph 26/325
Running dot for graph 27/325
Running dot for graph 28/325
Running dot for graph 29/325
Running dot for graph 30/325
Running dot for graph 31/325
Running dot for graph 32/325
Running dot for graph 33/325
Running dot for graph 34/325
Running dot for graph 35/325
Running dot for graph 36/325
Running dot for graph 37/325
Running dot for graph 38/325
Running dot for graph 39/325
Running dot for graph 40/325
Running dot for graph 41/325
Running dot for graph 42/325
Running dot for graph 43/325
Running dot for graph 44/325
Running dot for graph 45/325
Running dot for graph 46/325
Running dot for graph 47/325
Running dot for graph 48/325
Running dot for graph 49/325
Running dot for graph 50/325
Running dot for graph 51/325
Running dot for graph 52/325
Running dot for graph 53/325
Running dot for graph 54/325
Running dot for graph 55/325
Running dot for graph 56/325
Running dot for graph 57/325
Running dot for graph 58/325
Running dot for graph 59/325
Running dot for graph 60/325
Running dot for graph 61/325
Running dot for graph 62/325
Running dot for graph 63/325
Running dot for graph 64/325
Running dot for graph 65/325
Running dot for graph 66/325
Running dot for graph 67/325
Running dot for graph 68/325
Running dot for graph 69/325
Running dot for graph 70/325
Running dot for graph 71/325
Running dot for graph 72/325
Running dot for graph 73/325
Running dot for graph 74/325
Running dot for graph 75/325
Running dot for graph 76/325
Running dot for graph 77/325
Running dot for graph 78/325
Running dot for graph 79/325
Running dot for graph 80/325
Running dot for graph 81/325
Running dot for graph 82/325
Running dot for graph 83/325
Running dot for graph 84/325
Running dot for graph 85/325
Running dot for graph 86/325
Running dot for graph 87/325
Running dot for graph 88/325
Running dot for graph 89/325
Running dot for graph 90/325
Running dot for graph 91/325
Running dot for graph 92/325
Running dot for graph 93/325
Running dot for graph 94/325
Running dot for graph 95/325
Running dot for graph 96/325
Running dot for graph 97/325
Running dot for graph 98/325
Running dot for graph 99/325
Running dot for graph 100/325
Running dot for graph 101/325
Running dot for graph 102/325
Running dot for graph 103/325
Running dot for graph 104/325
Running dot for graph 105/325
Running dot for graph 106/325
Running dot for graph 107/325
Running dot for graph 108/325
Running dot for graph 109/325
Running dot for graph 110/325
Running dot for graph 111/325
Running dot for graph 112/325
Running dot for graph 113/325
Running dot for graph 114/325
Running dot for graph 115/325
Running dot for graph 116/325
Running dot for graph 117/325
Running dot for graph 118/325
Running dot for graph 119/325
Running dot for graph 120/325
Running dot for graph 121/325
Running dot for graph 122/325
Running dot for graph 123/325
Running dot for graph 124/325
Running dot for graph 125/325
Running dot for graph 126/325
Running dot for graph 127/325
Running dot for graph 128/325
Running dot for graph 129/325
Running dot for graph 130/325
Running dot for graph 131/325
Running dot for graph 132/325
Running dot for graph 133/325
Running dot for graph 134/325
Running dot for graph 135/325
Running dot for graph 136/325
Running dot for graph 137/325
Running dot for graph 138/325
Running dot for graph 139/325
Running dot for graph 140/325
Running dot for graph 141/325
Running dot for graph 142/325
Running dot for graph 143/325
Running dot for graph 144/325
Running dot for graph 145/325
Running dot for graph 146/325
Running dot for graph 147/325
Running dot for graph 148/325
Running dot for graph 149/325
Running dot for graph 150/325
Running dot for graph 151/325
Running dot for graph 152/325
Running dot for graph 153/325
Running dot for graph 154/325
Running dot for graph 155/325
Running dot for graph 156/325
Running dot for graph 157/325
Running dot for graph 158/325
Running dot for graph 159/325
Running dot for graph 160/325
Running dot for graph 161/325
Running dot for graph 162/325
Running dot for graph 163/325
Running dot for graph 164/325
Running dot for graph 165/325
Running dot for graph 166/325
Running dot for graph 167/325
Running dot for graph 168/325
Running dot for graph 169/325
Running dot for graph 170/325
Running dot for graph 171/325
Running dot for graph 172/325
Running dot for graph 173/325
Running dot for graph 174/325
Running dot for graph 175/325
Running dot for graph 176/325
Running dot for graph 177/325
Running dot for graph 178/325
Running dot for graph 179/325
Running dot for graph 180/325
Running dot for graph 181/325
Running dot for graph 182/325
Running dot for graph 183/325
Running dot for graph 184/325
Running dot for graph 185/325
Running dot for graph 186/325
Running dot for graph 187/325
Running dot for graph 188/325
Running dot for graph 189/325
Running dot for graph 190/325
Running dot for graph 191/325
Running dot for graph 192/325
Running dot for graph 193/325
Running dot for graph 194/325
Running dot for graph 195/325
Running dot for graph 196/325
Running dot for graph 197/325
Running dot for graph 198/325
Running dot for graph 199/325
Running dot for graph 200/325
Running dot for graph 201/325
Running dot for graph 202/325
Running dot for graph 203/325
Running dot for graph 204/325
Running dot for graph 205/325
Running dot for graph 206/325
Running dot for graph 207/325
Running dot for graph 208/325
Running dot for graph 209/325
Running dot for graph 210/325
Running dot for graph 211/325
Running dot for graph 212/325
Running dot for graph 213/325
Running dot for graph 214/325
Running dot for graph 215/325
Running dot for graph 216/325
Running dot for graph 217/325
Running dot for graph 218/325
Running dot for graph 219/325
Running dot for graph 220/325
Running dot for graph 221/325
Running dot for graph 222/325
Running dot for graph 223/325
Running dot for graph 224/325
Running dot for graph 225/325
Running dot for graph 226/325
Running dot for graph 227/325
Running dot for graph 228/325
Running dot for graph 229/325
Running dot for graph 230/325
Running dot for graph 231/325
Running dot for graph 232/325
Running dot for graph 233/325
Running dot for graph 234/325
Running dot for graph 235/325
Running dot for graph 236/325
Running dot for graph 237/325
Running dot for graph 238/325
Running dot for graph 239/325
Running dot for graph 240/325
Running dot for graph 241/325
Running dot for graph 242/325
Running dot for graph 243/325
Running dot for graph 244/325
Running dot for graph 245/325
Running dot for graph 246/325
Running dot for graph 247/325
Running dot for graph 248/325
Running dot for graph 249/325
Running dot for graph 250/325
Running dot for graph 251/325
Running dot for graph 252/325
Running dot for graph 253/325
Running dot for graph 254/325
Running dot for graph 255/325
Running dot for graph 256/325
Running dot for graph 257/325
Running dot for graph 258/325
Running dot for graph 259/325
Running dot for graph 260/325
Running dot for graph 261/325
Running dot for graph 262/325
Running dot for graph 263/325
Running dot for graph 264/325
Running dot for graph 265/325
Running dot for graph 266/325
Running dot for graph 267/325
Running dot for graph 268/325
Running dot for graph 269/325
Running dot for graph 270/325
Running dot for graph 271/325
Running dot for graph 272/325
Running dot for graph 273/325
Running dot for graph 274/325
Running dot for graph 275/325
Running dot for graph 276/325
Running dot for graph 277/325
Running dot for graph 278/325
Running dot for graph 279/325
Running dot for graph 280/325
Running dot for graph 281/325
Running dot for graph 282/325
Running dot for graph 283/325
Running dot for graph 284/325
Running dot for graph 285/325
Running dot for graph 286/325
Running dot for graph 287/325
Running dot for graph 288/325
Running dot for graph 289/325
Running dot for graph 290/325
Running dot for graph 291/325
Running dot for graph 292/325
Running dot for graph 293/325
Running dot for graph 294/325
Running dot for graph 295/325
Running dot for graph 296/325
Running dot for graph 297/325
Running dot for graph 298/325
Running dot for graph 299/325
Running dot for graph 300/325
Running dot for graph 301/325
Running dot for graph 302/325
Running dot for graph 303/325
Running dot for graph 304/325
Running dot for graph 305/325
Running dot for graph 306/325
Running dot for graph 307/325
Running dot for graph 308/325
Running dot for graph 309/325
Running dot for graph 310/325
Running dot for graph 311/325
Running dot for graph 312/325
Running dot for graph 313/325
Running dot for graph 314/325
Running dot for graph 315/325
Running dot for graph 316/325
Running dot for graph 317/325
Running dot for graph 318/325
Running dot for graph 319/325
Running dot for graph 320/325
Running dot for graph 321/325
Running dot for graph 322/325
Running dot for graph 323/325
Running dot for graph 324/325
Running dot for graph 325/325
Patching output file 1/359
Patching output file 2/359
Patching output file 3/359
Patching output file 4/359
Patching output file 5/359
Patching output file 6/359
Patching output file 7/359
Patching output file 8/359
Patching output file 9/359
Patching output file 10/359
Patching output file 11/359
Patching output file 12/359
Patching output file 13/359
Patching output file 14/359
Patching output file 15/359
Patching output file 16/359
Patching output file 17/359
Patching output file 18/359
Patching output file 19/359
Patching output file 20/359
Patching output file 21/359
Patching output file 22/359
Patching output file 23/359
Patching output file 24/359
Patching output file 25/359
Patching output file 26/359
Patching output file 27/359
Patching output file 28/359
Patching output file 29/359
Patching output file 30/359
Patching output file 31/359
Patching output file 32/359
Patching output file 33/359
Patching output file 34/359
Patching output file 35/359
Patching output file 36/359
Patching output file 37/359
Patching output file 38/359
Patching output file 39/359
Patching output file 40/359
Patching output file 41/359
Patching output file 42/359
Patching output file 43/359
Patching output file 44/359
Patching output file 45/359
Patching output file 46/359
Patching output file 47/359
Patching output file 48/359
Patching output file 49/359
Patching output file 50/359
Patching output file 51/359
Patching output file 52/359
Patching output file 53/359
Patching output file 54/359
Patching output file 55/359
Patching output file 56/359
Patching output file 57/359
Patching output file 58/359
Patching output file 59/359
Patching output file 60/359
Patching output file 61/359
Patching output file 62/359
Patching output file 63/359
Patching output file 64/359
Patching output file 65/359
Patching output file 66/359
Patching output file 67/359
Patching output file 68/359
Patching output file 69/359
Patching output file 70/359
Patching output file 71/359
Patching output file 72/359
Patching output file 73/359
Patching output file 74/359
Patching output file 75/359
Patching output file 76/359
Patching output file 77/359
Patching output file 78/359
Patching output file 79/359
Patching output file 80/359
Patching output file 81/359
Patching output file 82/359
Patching output file 83/359
Patching output file 84/359
Patching output file 85/359
Patching output file 86/359
Patching output file 87/359
Patching output file 88/359
Patching output file 89/359
Patching output file 90/359
Patching output file 91/359
Patching output file 92/359
Patching output file 93/359
Patching output file 94/359
Patching output file 95/359
Patching output file 96/359
Patching output file 97/359
Patching output file 98/359
Patching output file 99/359
Patching output file 100/359
Patching output file 101/359
Patching output file 102/359
Patching output file 103/359
Patching output file 104/359
Patching output file 105/359
Patching output file 106/359
Patching output file 107/359
Patching output file 108/359
Patching output file 109/359
Patching output file 110/359
Patching output file 111/359
Patching output file 112/359
Patching output file 113/359
Patching output file 114/359
Patching output file 115/359
Patching output file 116/359
Patching output file 117/359
Patching output file 118/359
Patching output file 119/359
Patching output file 120/359
Patching output file 121/359
Patching output file 122/359
Patching output file 123/359
Patching output file 124/359
Patching output file 125/359
Patching output file 126/359
Patching output file 127/359
Patching output file 128/359
Patching output file 129/359
Patching output file 130/359
Patching output file 131/359
Patching output file 132/359
Patching output file 133/359
Patching output file 134/359
Patching output file 135/359
Patching output file 136/359
Patching output file 137/359
Patching output file 138/359
Patching output file 139/359
Patching output file 140/359
Patching output file 141/359
Patching output file 142/359
Patching output file 143/359
Patching output file 144/359
Patching output file 145/359
Patching output file 146/359
Patching output file 147/359
Patching output file 148/359
Patching output file 149/359
Patching output file 150/359
Patching output file 151/359
Patching output file 152/359
Patching output file 153/359
Patching output file 154/359
Patching output file 155/359
Patching output file 156/359
Patching output file 157/359
Patching output file 158/359
Patching output file 159/359
Patching output file 160/359
Patching output file 161/359
Patching output file 162/359
Patching output file 163/359
Patching output file 164/359
Patching output file 165/359
Patching output file 166/359
Patching output file 167/359
Patching output file 168/359
Patching output file 169/359
Patching output file 170/359
Patching output file 171/359
Patching output file 172/359
Patching output file 173/359
Patching output file 174/359
Patching output file 175/359
Patching output file 176/359
Patching output file 177/359
Patching output file 178/359
Patching output file 179/359
Patching output file 180/359
Patching output file 181/359
Patching output file 182/359
Patching output file 183/359
Patching output file 184/359
Patching output file 185/359
Patching output file 186/359
Patching output file 187/359
Patching output file 188/359
Patching output file 189/359
Patching output file 190/359
Patching output file 191/359
Patching output file 192/359
Patching output file 193/359
Patching output file 194/359
Patching output file 195/359
Patching output file 196/359
Patching output file 197/359
Patching output file 198/359
Patching output file 199/359
Patching output file 200/359
Patching output file 201/359
Patching output file 202/359
Patching output file 203/359
Patching output file 204/359
Patching output file 205/359
Patching output file 206/359
Patching output file 207/359
Patching output file 208/359
Patching output file 209/359
Patching output file 210/359
Patching output file 211/359
Patching output file 212/359
Patching output file 213/359
Patching output file 214/359
Patching output file 215/359
Patching output file 216/359
Patching output file 217/359
Patching output file 218/359
Patching output file 219/359
Patching output file 220/359
Patching output file 221/359
Patching output file 222/359
Patching output file 223/359
Patching output file 224/359
Patching output file 225/359
Patching output file 226/359
Patching output file 227/359
Patching output file 228/359
Patching output file 229/359
Patching output file 230/359
Patching output file 231/359
Patching output file 232/359
Patching output file 233/359
Patching output file 234/359
Patching output file 235/359
Patching output file 236/359
Patching output file 237/359
Patching output file 238/359
Patching output file 239/359
Patching output file 240/359
Patching output file 241/359
Patching output file 242/359
Patching output file 243/359
Patching output file 244/359
Patching output file 245/359
Patching output file 246/359
Patching output file 247/359
Patching output file 248/359
Patching output file 249/359
Patching output file 250/359
Patching output file 251/359
Patching output file 252/359
Patching output file 253/359
Patching output file 254/359
Patching output file 255/359
Patching output file 256/359
Patching output file 257/359
Patching output file 258/359
Patching output file 259/359
Patching output file 260/359
Patching output file 261/359
Patching output file 262/359
Patching output file 263/359
Patching output file 264/359
Patching output file 265/359
Patching output file 266/359
Patching output file 267/359
Patching output file 268/359
Patching output file 269/359
Patching output file 270/359
Patching output file 271/359
Patching output file 272/359
Patching output file 273/359
Patching output file 274/359
Patching output file 275/359
Patching output file 276/359
Patching output file 277/359
Patching output file 278/359
Patching output file 279/359
Patching output file 280/359
Patching output file 281/359
Patching output file 282/359
Patching output file 283/359
Patching output file 284/359
Patching output file 285/359
Patching output file 286/359
Patching output file 287/359
Patching output file 288/359
Patching output file 289/359
Patching output file 290/359
Patching output file 291/359
Patching output file 292/359
Patching output file 293/359
Patching output file 294/359
Patching output file 295/359
Patching output file 296/359
Patching output file 297/359
Patching output file 298/359
Patching output file 299/359
Patching output file 300/359
Patching output file 301/359
Patching output file 302/359
Patching output file 303/359
Patching output file 304/359
Patching output file 305/359
Patching output file 306/359
Patching output file 307/359
Patching output file 308/359
Patching output file 309/359
Patching output file 310/359
Patching output file 311/359
Patching output file 312/359
Patching output file 313/359
Patching output file 314/359
Patching output file 315/359
Patching output file 316/359
Patching output file 317/359
Patching output file 318/359
Patching output file 319/359
Patching output file 320/359
Patching output file 321/359
Patching output file 322/359
Patching output file 323/359
Patching output file 324/359
Patching output file 325/359
Patching output file 326/359
Patching output file 327/359
Patching output file 328/359
Patching output file 329/359
Patching output file 330/359
Patching output file 331/359
Patching output file 332/359
Patching output file 333/359
Patching output file 334/359
Patching output file 335/359
Patching output file 336/359
Patching output file 337/359
Patching output file 338/359
Patching output file 339/359
Patching output file 340/359
Patching output file 341/359
Patching output file 342/359
Patching output file 343/359
Patching output file 344/359
Patching output file 345/359
Patching output file 346/359
Patching output file 347/359
Patching output file 348/359
Patching output file 349/359
Patching output file 350/359
Patching output file 351/359
Patching output file 352/359
Patching output file 353/359
Patching output file 354/359
Patching output file 355/359
Patching output file 356/359
Patching output file 357/359
Patching output file 358/359
Patching output file 359/359
lookup cache used 3681/65536 hits=39501 misses=4257
finished...
